15:46:27.860 [TestNG-tests-1] DEBUG io.netty.buffer.ByteBufUtil - -Dio.netty.threadLocalDirectBufferSize: 0
15:46:27.867 [TestNG-tests-1] DEBUG io.netty.buffer.ByteBufUtil - -Dio.netty.maxThreadLocalCharBufferSize: 16384
15:46:28.485 [Forwarding newSession on session null to remote] DEBUG io.netty.channel.DefaultChannelId - -Dio.netty.processId: 8196 (auto-detected)
15:46:28.488 [Forwarding newSession on session null to remote] DEBUG io.netty.util.NetUtil - -Djava.net.preferIPv4Stack: false
15:46:28.489 [Forwarding newSession on session null to remote] DEBUG io.netty.util.NetUtil - -Djava.net.preferIPv6Addresses: false
15:46:28.500 [Forwarding newSession on session null to remote] DEBUG io.netty.util.NetUtilInitializations - Loopback interface: lo (Software Loopback Interface 1, 127.0.0.1)
15:46:28.503 [Forwarding newSession on session null to remote] DEBUG io.netty.util.NetUtil - Failed to get SOMAXCONN from sysctl and file \proc\sys\net\core\somaxconn. Default: 200
15:46:28.523 [Forwarding newSession on session null to remote] DEBUG io.netty.channel.DefaultChannelId - -Dio.netty.machineId: 20:4e:f6:ff:fe:2e:50:9b (auto-detected)
15:46:28.596 [AsyncHttpClient-1-2] DEBUG io.netty.buffer.AbstractByteBuf - -Dio.netty.buffer.checkAccessible: true
15:46:28.596 [AsyncHttpClient-1-2] DEBUG io.netty.buffer.AbstractByteBuf - -Dio.netty.buffer.checkBounds: true
15:46:28.596 [AsyncHttpClient-1-2] DEBUG io.netty.util.ResourceLeakDetectorFactory - Loaded default ResourceLeakDetector: io.netty.util.ResourceLeakDetector@30142648
15:46:28.631 [AsyncHttpClient-1-3] DEBUG io.netty.util.Recycler - -Dio.netty.recycler.maxCapacityPerThread: 4096
15:46:28.631 [AsyncHttpClient-1-3] DEBUG io.netty.util.Recycler - -Dio.netty.recycler.maxSharedCapacityFactor: 2
15:46:28.631 [AsyncHttpClient-1-3] DEBUG io.netty.util.Recycler - -Dio.netty.recycler.linkCapacity: 16
15:46:28.632 [AsyncHttpClient-1-3] DEBUG io.netty.util.Recycler - -Dio.netty.recycler.ratio: 8
15:46:28.632 [AsyncHttpClient-1-3] DEBUG io.netty.util.Recycler - -Dio.netty.recycler.delayedQueue.ratio: 8
15:46:30.370 [TestNG-tests-2] DEBUG io.netty.util.internal.ThreadLocalRandom - -Dio.netty.initialSeedUniquifier: 0x753ceffe5e816479
15:46:30.459 [TestNG-tests-1] INFO  testCases.TC_004_ForgotPassword - Launched Chrome Browser
15:46:30.464 [TestNG-tests-2] INFO  testCases.TC_004_ForgotPassword - Launched Edge Browser
15:47:00.896 [AsyncHttpClient-1-7] TRACE io.netty.handler.codec.http.websocketx.WebSocket08FrameEncoder - Encoding WebSocket Frame opCode=8 length=26
15:47:00.896 [AsyncHttpClient-1-6] TRACE io.netty.handler.codec.http.websocketx.WebSocket08FrameEncoder - Encoding WebSocket Frame opCode=8 length=26
15:47:02.409 [TestNG-tests-1] INFO  testCases.TC_007_ProductDisplay - Launched Chrome Browser
15:47:02.703 [TestNG-tests-1] INFO  testCases.TC_007_ProductDisplay - TC_007_ProductDisplay is started
15:47:03.010 [TestNG-tests-2] INFO  testCases.TC_007_ProductDisplay - Launched Edge Browser
15:47:03.196 [TestNG-tests-2] INFO  testCases.TC_007_ProductDisplay - TC_007_ProductDisplay is started
15:47:32.750 [AsyncHttpClient-1-3] TRACE io.netty.handler.codec.http.websocketx.WebSocket08FrameEncoder - Encoding WebSocket Frame opCode=8 length=26
15:47:33.228 [AsyncHttpClient-1-5] TRACE io.netty.handler.codec.http.websocketx.WebSocket08FrameEncoder - Encoding WebSocket Frame opCode=8 length=26
15:47:34.193 [TestNG-tests-1] INFO  testCases.TC_008_AddToCart - Launched Chrome Browser
15:47:34.349 [TestNG-tests-1] INFO  testCases.TC_008_AddToCart - TC_008_AddToCart is started
15:47:37.585 [TestNG-tests-2] INFO  testCases.TC_008_AddToCart - Launched Edge Browser
15:47:37.732 [TestNG-tests-2] INFO  testCases.TC_008_AddToCart - TC_008_AddToCart is started
15:48:04.418 [AsyncHttpClient-1-8] TRACE io.netty.handler.codec.http.websocketx.WebSocket08FrameEncoder - Encoding WebSocket Frame opCode=8 length=26
15:48:06.820 [TestNG-tests-1] INFO  testCases.TC_002_Login - Launched Chrome Browser
15:48:06.954 [TestNG-tests-1] INFO  testCases.TC_002_Login - starting TC_002_Login
15:48:07.804 [AsyncHttpClient-1-3] TRACE io.netty.handler.codec.http.websocketx.WebSocket08FrameEncoder - Encoding WebSocket Frame opCode=8 length=26
15:48:08.904 [TestNG-tests-1] INFO  testCases.TC_002_Login - URL gets launched
15:48:08.981 [TestNG-tests-1] INFO  testCases.TC_002_Login - clicked on My Account
15:48:10.363 [TestNG-tests-1] INFO  testCases.TC_002_Login - Clicked on Login
15:48:10.523 [TestNG-tests-1] INFO  testCases.TC_002_Login - provided email id
15:48:10.665 [TestNG-tests-1] INFO  testCases.TC_002_Login - provided passowrd
15:48:10.782 [TestNG-tests-1] INFO  testCases.TC_002_Login - clicked on Login button
15:48:12.292 [TestNG-tests-2] INFO  testCases.TC_002_Login - Launched Edge Browser
15:48:12.434 [TestNG-tests-2] INFO  testCases.TC_002_Login - starting TC_002_Login
15:48:13.914 [TestNG-tests-2] INFO  testCases.TC_002_Login - URL gets launched
15:48:14.029 [TestNG-tests-2] INFO  testCases.TC_002_Login - clicked on My Account
15:48:14.541 [TestNG-tests-2] INFO  testCases.TC_002_Login - Clicked on Login
15:48:14.677 [TestNG-tests-2] INFO  testCases.TC_002_Login - provided email id
15:48:14.773 [TestNG-tests-2] INFO  testCases.TC_002_Login - provided passowrd
15:48:14.839 [TestNG-tests-2] INFO  testCases.TC_002_Login - clicked on Login button
15:48:40.853 [TestNG-tests-1] INFO  testCases.TC_002_Login - Login is faalied
15:48:40.857 [TestNG-tests-1] INFO  testCases.TC_002_Login - TC_002_Login is finished
15:48:40.860 [AsyncHttpClient-1-6] TRACE io.netty.handler.codec.http.websocketx.WebSocket08FrameEncoder - Encoding WebSocket Frame opCode=8 length=26
15:48:42.841 [TestNG-tests-1] INFO  testCases.TC_003_LoginDataDrivenTest - Launched Chrome Browser
15:48:45.165 [TestNG-tests-2] INFO  testCases.TC_002_Login - Login is faalied
15:48:45.165 [TestNG-tests-2] INFO  testCases.TC_002_Login - TC_002_Login is finished
15:48:45.170 [AsyncHttpClient-1-9] TRACE io.netty.handler.codec.http.websocketx.WebSocket08FrameEncoder - Encoding WebSocket Frame opCode=8 length=26
15:48:45.237 [TestNG-tests-1] INFO  testCases.TC_003_LoginDataDrivenTest - TC_003_LoginDataDrivenTest started
15:48:47.736 [TestNG-tests-2] INFO  testCases.TC_003_LoginDataDrivenTest - Launched Edge Browser
15:48:47.742 [TestNG-tests-1] INFO  testCases.TC_003_LoginDataDrivenTest - app url gets launched
15:48:47.891 [TestNG-tests-1] INFO  testCases.TC_003_LoginDataDrivenTest - clicked on My Account
15:48:48.909 [TestNG-tests-2] INFO  testCases.TC_003_LoginDataDrivenTest - TC_003_LoginDataDrivenTest started
15:48:49.018 [TestNG-tests-1] INFO  testCases.TC_003_LoginDataDrivenTest - clicked on Login
15:48:49.156 [TestNG-tests-1] INFO  testCases.TC_003_LoginDataDrivenTest - Provided email
15:48:49.240 [TestNG-tests-1] INFO  testCases.TC_003_LoginDataDrivenTest - Provided pwd 
15:48:49.306 [TestNG-tests-1] INFO  testCases.TC_003_LoginDataDrivenTest - Clicked on Login button
15:48:50.669 [TestNG-tests-2] INFO  testCases.TC_003_LoginDataDrivenTest - app url gets launched
15:48:50.739 [TestNG-tests-2] INFO  testCases.TC_003_LoginDataDrivenTest - clicked on My Account
15:48:51.127 [TestNG-tests-2] INFO  testCases.TC_003_LoginDataDrivenTest - clicked on Login
15:48:51.216 [TestNG-tests-2] INFO  testCases.TC_003_LoginDataDrivenTest - Provided email
15:48:51.297 [TestNG-tests-2] INFO  testCases.TC_003_LoginDataDrivenTest - Provided pwd 
15:48:51.353 [TestNG-tests-2] INFO  testCases.TC_003_LoginDataDrivenTest - Clicked on Login button
15:49:19.326 [TestNG-tests-1] INFO  testCases.TC_003_LoginDataDrivenTest - Login is failed
15:49:19.337 [TestNG-tests-1] INFO  testCases.TC_003_LoginDataDrivenTest - TC_003_LoginDataDrivenTest started
15:49:20.089 [TestNG-tests-1] INFO  testCases.TC_003_LoginDataDrivenTest - app url gets launched
15:49:20.191 [TestNG-tests-1] INFO  testCases.TC_003_LoginDataDrivenTest - clicked on My Account
15:49:20.670 [TestNG-tests-1] INFO  testCases.TC_003_LoginDataDrivenTest - clicked on Login
15:49:20.790 [TestNG-tests-1] INFO  testCases.TC_003_LoginDataDrivenTest - Provided email
15:49:20.862 [TestNG-tests-1] INFO  testCases.TC_003_LoginDataDrivenTest - Provided pwd 
15:49:20.925 [TestNG-tests-1] INFO  testCases.TC_003_LoginDataDrivenTest - Clicked on Login button
15:49:21.372 [TestNG-tests-2] INFO  testCases.TC_003_LoginDataDrivenTest - Login is failed
15:49:21.377 [TestNG-tests-2] INFO  testCases.TC_003_LoginDataDrivenTest - TC_003_LoginDataDrivenTest started
15:49:21.860 [TestNG-tests-2] INFO  testCases.TC_003_LoginDataDrivenTest - app url gets launched
15:49:21.967 [TestNG-tests-2] INFO  testCases.TC_003_LoginDataDrivenTest - clicked on My Account
15:49:22.468 [TestNG-tests-2] INFO  testCases.TC_003_LoginDataDrivenTest - clicked on Login
15:49:22.607 [TestNG-tests-2] INFO  testCases.TC_003_LoginDataDrivenTest - Provided email
15:49:22.743 [TestNG-tests-2] INFO  testCases.TC_003_LoginDataDrivenTest - Provided pwd 
15:49:22.851 [TestNG-tests-2] INFO  testCases.TC_003_LoginDataDrivenTest - Clicked on Login button
15:49:50.962 [TestNG-tests-1] INFO  testCases.TC_003_LoginDataDrivenTest - Login is failed
15:49:50.964 [TestNG-tests-1] INFO  testCases.TC_003_LoginDataDrivenTest - TC_003_LoginDataDrivenTest started
15:49:51.479 [TestNG-tests-1] INFO  testCases.TC_003_LoginDataDrivenTest - app url gets launched
15:49:51.567 [TestNG-tests-1] INFO  testCases.TC_003_LoginDataDrivenTest - clicked on My Account
15:49:52.090 [TestNG-tests-1] INFO  testCases.TC_003_LoginDataDrivenTest - clicked on Login
15:49:52.192 [TestNG-tests-1] INFO  testCases.TC_003_LoginDataDrivenTest - Provided email
15:49:52.285 [TestNG-tests-1] INFO  testCases.TC_003_LoginDataDrivenTest - Provided pwd 
15:49:52.346 [TestNG-tests-1] INFO  testCases.TC_003_LoginDataDrivenTest - Clicked on Login button
15:49:52.904 [TestNG-tests-2] INFO  testCases.TC_003_LoginDataDrivenTest - Login is failed
15:49:52.909 [TestNG-tests-2] INFO  testCases.TC_003_LoginDataDrivenTest - TC_003_LoginDataDrivenTest started
15:49:53.558 [TestNG-tests-2] INFO  testCases.TC_003_LoginDataDrivenTest - app url gets launched
15:49:53.627 [TestNG-tests-2] INFO  testCases.TC_003_LoginDataDrivenTest - clicked on My Account
15:49:54.144 [TestNG-tests-2] INFO  testCases.TC_003_LoginDataDrivenTest - clicked on Login
15:49:54.244 [TestNG-tests-2] INFO  testCases.TC_003_LoginDataDrivenTest - Provided email
15:49:54.353 [TestNG-tests-2] INFO  testCases.TC_003_LoginDataDrivenTest - Provided pwd 
15:49:54.534 [TestNG-tests-2] INFO  testCases.TC_003_LoginDataDrivenTest - Clicked on Login button
15:50:22.374 [TestNG-tests-1] INFO  testCases.TC_003_LoginDataDrivenTest - Login is failed
15:50:22.377 [TestNG-tests-1] INFO  testCases.TC_003_LoginDataDrivenTest - TC_003_LoginDataDrivenTest started
15:50:22.931 [TestNG-tests-1] INFO  testCases.TC_003_LoginDataDrivenTest - app url gets launched
15:50:23.026 [TestNG-tests-1] INFO  testCases.TC_003_LoginDataDrivenTest - clicked on My Account
15:50:23.495 [TestNG-tests-1] INFO  testCases.TC_003_LoginDataDrivenTest - clicked on Login
15:50:23.595 [TestNG-tests-1] INFO  testCases.TC_003_LoginDataDrivenTest - Provided email
15:50:23.665 [TestNG-tests-1] INFO  testCases.TC_003_LoginDataDrivenTest - Provided pwd 
15:50:23.725 [TestNG-tests-1] INFO  testCases.TC_003_LoginDataDrivenTest - Clicked on Login button
15:50:24.551 [TestNG-tests-2] INFO  testCases.TC_003_LoginDataDrivenTest - Login is failed
15:50:24.556 [TestNG-tests-2] INFO  testCases.TC_003_LoginDataDrivenTest - TC_003_LoginDataDrivenTest started
15:50:25.071 [TestNG-tests-2] INFO  testCases.TC_003_LoginDataDrivenTest - app url gets launched
15:50:25.241 [TestNG-tests-2] INFO  testCases.TC_003_LoginDataDrivenTest - clicked on My Account
15:50:25.764 [TestNG-tests-2] INFO  testCases.TC_003_LoginDataDrivenTest - clicked on Login
15:50:25.928 [TestNG-tests-2] INFO  testCases.TC_003_LoginDataDrivenTest - Provided email
15:50:26.031 [TestNG-tests-2] INFO  testCases.TC_003_LoginDataDrivenTest - Provided pwd 
15:50:26.137 [TestNG-tests-2] INFO  testCases.TC_003_LoginDataDrivenTest - Clicked on Login button
15:50:53.764 [TestNG-tests-1] INFO  testCases.TC_003_LoginDataDrivenTest - Login is failed
15:50:53.766 [TestNG-tests-1] INFO  testCases.TC_003_LoginDataDrivenTest - TC_003_LoginDataDrivenTest started
15:50:54.346 [TestNG-tests-1] INFO  testCases.TC_003_LoginDataDrivenTest - app url gets launched
15:50:54.425 [TestNG-tests-1] INFO  testCases.TC_003_LoginDataDrivenTest - clicked on My Account
15:50:55.011 [TestNG-tests-1] INFO  testCases.TC_003_LoginDataDrivenTest - clicked on Login
15:50:55.123 [TestNG-tests-1] INFO  testCases.TC_003_LoginDataDrivenTest - Provided email
15:50:55.222 [TestNG-tests-1] INFO  testCases.TC_003_LoginDataDrivenTest - Provided pwd 
15:50:55.314 [TestNG-tests-1] INFO  testCases.TC_003_LoginDataDrivenTest - Clicked on Login button
15:50:56.149 [TestNG-tests-2] INFO  testCases.TC_003_LoginDataDrivenTest - Login is failed
15:50:56.153 [TestNG-tests-2] INFO  testCases.TC_003_LoginDataDrivenTest - TC_003_LoginDataDrivenTest started
15:50:56.829 [TestNG-tests-2] INFO  testCases.TC_003_LoginDataDrivenTest - app url gets launched
15:50:56.938 [TestNG-tests-2] INFO  testCases.TC_003_LoginDataDrivenTest - clicked on My Account
15:50:57.511 [TestNG-tests-2] INFO  testCases.TC_003_LoginDataDrivenTest - clicked on Login
15:50:57.650 [TestNG-tests-2] INFO  testCases.TC_003_LoginDataDrivenTest - Provided email
15:50:57.743 [TestNG-tests-2] INFO  testCases.TC_003_LoginDataDrivenTest - Provided pwd 
15:50:57.816 [TestNG-tests-2] INFO  testCases.TC_003_LoginDataDrivenTest - Clicked on Login button
15:51:25.335 [TestNG-tests-1] INFO  testCases.TC_003_LoginDataDrivenTest - Login is failed
15:51:25.338 [TestNG-tests-1] INFO  testCases.TC_003_LoginDataDrivenTest - TC_003_LoginDataDrivenTest started
15:51:25.886 [TestNG-tests-1] INFO  testCases.TC_003_LoginDataDrivenTest - app url gets launched
15:51:25.982 [TestNG-tests-1] INFO  testCases.TC_003_LoginDataDrivenTest - clicked on My Account
15:51:26.553 [TestNG-tests-1] INFO  testCases.TC_003_LoginDataDrivenTest - clicked on Login
15:51:26.682 [TestNG-tests-1] INFO  testCases.TC_003_LoginDataDrivenTest - Provided email
15:51:26.808 [TestNG-tests-1] INFO  testCases.TC_003_LoginDataDrivenTest - Provided pwd 
15:51:26.909 [TestNG-tests-1] INFO  testCases.TC_003_LoginDataDrivenTest - Clicked on Login button
15:51:27.869 [TestNG-tests-2] INFO  testCases.TC_003_LoginDataDrivenTest - Login is failed
15:51:27.872 [TestNG-tests-2] INFO  testCases.TC_003_LoginDataDrivenTest - TC_003_LoginDataDrivenTest started
15:51:28.634 [TestNG-tests-2] INFO  testCases.TC_003_LoginDataDrivenTest - app url gets launched
15:51:28.731 [TestNG-tests-2] INFO  testCases.TC_003_LoginDataDrivenTest - clicked on My Account
15:51:29.260 [TestNG-tests-2] INFO  testCases.TC_003_LoginDataDrivenTest - clicked on Login
15:51:29.408 [TestNG-tests-2] INFO  testCases.TC_003_LoginDataDrivenTest - Provided email
15:51:29.519 [TestNG-tests-2] INFO  testCases.TC_003_LoginDataDrivenTest - Provided pwd 
15:51:29.621 [TestNG-tests-2] INFO  testCases.TC_003_LoginDataDrivenTest - Clicked on Login button
15:51:56.942 [TestNG-tests-1] INFO  testCases.TC_003_LoginDataDrivenTest - Login is failed
15:51:56.944 [AsyncHttpClient-1-4] TRACE io.netty.handler.codec.http.websocketx.WebSocket08FrameEncoder - Encoding WebSocket Frame opCode=8 length=26
15:51:59.012 [TestNG-tests-1] INFO  testCases.TC_001_AccountRegistration - Launched Chrome Browser
15:51:59.138 [TestNG-tests-1] INFO  testCases.TC_001_AccountRegistration -  Starting TC_001_AccountRegistration 
15:51:59.683 [TestNG-tests-2] INFO  testCases.TC_003_LoginDataDrivenTest - Login is failed
15:51:59.686 [AsyncHttpClient-1-7] TRACE io.netty.handler.codec.http.websocketx.WebSocket08FrameEncoder - Encoding WebSocket Frame opCode=8 length=26
15:52:02.707 [TestNG-tests-1] INFO  testCases.TC_001_AccountRegistration - Home Page Displayed 
15:52:02.804 [TestNG-tests-1] INFO  testCases.TC_001_AccountRegistration - Clicked on My Account 
15:52:03.802 [TestNG-tests-1] INFO  testCases.TC_001_AccountRegistration - Clicked on Register 
15:52:04.028 [TestNG-tests-1] INFO  testCases.TC_001_AccountRegistration - Provided First Name 
15:52:04.094 [TestNG-tests-1] INFO  testCases.TC_001_AccountRegistration - Provided Last Name 
15:52:04.217 [TestNG-tests-1] INFO  testCases.TC_001_AccountRegistration - Provided Email 
15:52:04.520 [TestNG-tests-2] INFO  testCases.TC_001_AccountRegistration - Launched Edge Browser
15:52:04.658 [TestNG-tests-2] INFO  testCases.TC_001_AccountRegistration -  Starting TC_001_AccountRegistration 
15:52:06.298 [TestNG-tests-2] INFO  testCases.TC_001_AccountRegistration - Home Page Displayed 
15:52:06.415 [TestNG-tests-2] INFO  testCases.TC_001_AccountRegistration - Clicked on My Account 
15:52:07.202 [TestNG-tests-2] INFO  testCases.TC_001_AccountRegistration - Clicked on Register 
15:52:07.298 [TestNG-tests-2] INFO  testCases.TC_001_AccountRegistration - Provided First Name 
15:52:07.404 [TestNG-tests-2] INFO  testCases.TC_001_AccountRegistration - Provided Last Name 
15:52:07.520 [TestNG-tests-2] INFO  testCases.TC_001_AccountRegistration - Provided Email 
15:52:34.258 [TestNG-tests-1] FATAL testCases.TC_001_AccountRegistration - Account Registration Failed 
15:52:34.259 [TestNG-tests-1] INFO  testCases.TC_001_AccountRegistration -  Finished TC_001_AccountRegistration 
15:52:34.262 [AsyncHttpClient-1-2] TRACE io.netty.handler.codec.http.websocketx.WebSocket08FrameEncoder - Encoding WebSocket Frame opCode=8 length=26
15:52:37.529 [TestNG-tests-2] FATAL testCases.TC_001_AccountRegistration - Account Registration Failed 
15:52:37.530 [TestNG-tests-2] INFO  testCases.TC_001_AccountRegistration -  Finished TC_001_AccountRegistration 
15:52:37.540 [AsyncHttpClient-1-5] TRACE io.netty.handler.codec.http.websocketx.WebSocket08FrameEncoder - Encoding WebSocket Frame opCode=8 length=26
15:52:38.542 [TestNG-tests-1] INFO  testCases.TC_013_MyAccount - Launched Chrome Browser
15:52:38.777 [TestNG-tests-1] INFO  testCases.TC_013_MyAccount - TC_013_MyAccount is started
15:52:42.060 [TestNG-tests-2] INFO  testCases.TC_013_MyAccount - Launched Edge Browser
15:52:42.233 [TestNG-tests-2] INFO  testCases.TC_013_MyAccount - TC_013_MyAccount is started
15:53:08.800 [TestNG-tests-1] FATAL testCases.TC_013_MyAccount - My Account Home page is Failed 
15:53:08.805 [AsyncHttpClient-1-9] TRACE io.netty.handler.codec.http.websocketx.WebSocket08FrameEncoder - Encoding WebSocket Frame opCode=8 length=26
15:53:10.962 [TestNG-tests-1] INFO  testCases.TC_012_CheckOut - Launched Chrome Browser
15:53:11.099 [TestNG-tests-1] INFO  testCases.TC_012_CheckOut - TC_012_CheckOut is started
15:53:12.262 [TestNG-tests-2] FATAL testCases.TC_013_MyAccount - My Account Home page is Failed 
15:53:12.264 [AsyncHttpClient-1-3] TRACE io.netty.handler.codec.http.websocketx.WebSocket08FrameEncoder - Encoding WebSocket Frame opCode=8 length=26
15:53:16.014 [TestNG-tests-2] INFO  testCases.TC_012_CheckOut - Launched Edge Browser
15:53:16.155 [TestNG-tests-2] INFO  testCases.TC_012_CheckOut - TC_012_CheckOut is started
15:53:41.165 [TestNG-tests-1] FATAL testCases.TC_012_CheckOut - Checkout is Failed if no products are prasent
15:53:42.545 [TestNG-tests-1] INFO  testCases.TC_010_ShoppingCart - Launched Chrome Browser
15:53:42.699 [TestNG-tests-1] INFO  testCases.TC_010_ShoppingCart - TC_010_ShoppingCart is started
15:53:46.183 [TestNG-tests-2] FATAL testCases.TC_012_CheckOut - Checkout is Failed if no products are prasent
15:53:51.368 [TestNG-tests-2] INFO  testCases.TC_010_ShoppingCart - Launched Edge Browser
15:53:51.499 [TestNG-tests-2] INFO  testCases.TC_010_ShoppingCart - TC_010_ShoppingCart is started
15:54:12.776 [AsyncHttpClient-1-4] TRACE io.netty.handler.codec.http.websocketx.WebSocket08FrameEncoder - Encoding WebSocket Frame opCode=8 length=26
15:54:14.023 [TestNG-tests-1] INFO  testCases.TC_006_ProductCompare - Launched Chrome Browser
15:54:14.161 [TestNG-tests-1] INFO  testCases.TC_006_ProductCompare - TC_006_Product compare is started
15:54:16.253 [TestNG-tests-1] INFO  testCases.TC_006_ProductCompare - app url gets launched
15:54:16.335 [TestNG-tests-1] INFO  testCases.TC_006_ProductCompare - clicked on my account
15:54:16.836 [TestNG-tests-1] INFO  testCases.TC_006_ProductCompare - clicked on login link
15:54:16.998 [TestNG-tests-1] INFO  testCases.TC_006_ProductCompare - provided email id
15:54:17.131 [TestNG-tests-1] INFO  testCases.TC_006_ProductCompare - provided password field
15:54:17.218 [TestNG-tests-1] INFO  testCases.TC_006_ProductCompare - clicked on login button
15:54:17.308 [TestNG-tests-1] INFO  testCases.TC_006_ProductCompare - clicked on desktops
15:54:21.574 [AsyncHttpClient-1-7] TRACE io.netty.handler.codec.http.websocketx.WebSocket08FrameEncoder - Encoding WebSocket Frame opCode=8 length=26
15:54:24.832 [TestNG-tests-2] INFO  testCases.TC_006_ProductCompare - Launched Edge Browser
15:54:24.980 [TestNG-tests-2] INFO  testCases.TC_006_ProductCompare - TC_006_Product compare is started
15:54:27.470 [TestNG-tests-2] INFO  testCases.TC_006_ProductCompare - app url gets launched
15:54:27.549 [TestNG-tests-2] INFO  testCases.TC_006_ProductCompare - clicked on my account
15:54:28.001 [TestNG-tests-2] INFO  testCases.TC_006_ProductCompare - clicked on login link
15:54:28.166 [TestNG-tests-2] INFO  testCases.TC_006_ProductCompare - provided email id
15:54:28.250 [TestNG-tests-2] INFO  testCases.TC_006_ProductCompare - provided password field
15:54:28.343 [TestNG-tests-2] INFO  testCases.TC_006_ProductCompare - clicked on login button
15:54:28.397 [TestNG-tests-2] INFO  testCases.TC_006_ProductCompare - clicked on desktops
15:55:08.207 [AsyncHttpClient-1-2] TRACE io.netty.handler.codec.http.websocketx.WebSocket08FrameEncoder - Encoding WebSocket Frame opCode=8 length=26
15:55:09.706 [TestNG-tests-1] INFO  testCases.TC_009_WishList - Launched Chrome Browser
15:55:19.232 [AsyncHttpClient-1-5] TRACE io.netty.handler.codec.http.websocketx.WebSocket08FrameEncoder - Encoding WebSocket Frame opCode=8 length=26
15:55:24.941 [TestNG-tests-2] INFO  testCases.TC_009_WishList - Launched Edge Browser
15:56:40.011 [TestNG-tests-1] FATAL testCases.TC_012_CheckOut - Checkout is Failed if products are prasent and existing address selected
15:56:55.199 [TestNG-tests-2] FATAL testCases.TC_012_CheckOut - Checkout is Failed if products are prasent and existing address selected
15:57:40.066 [AsyncHttpClient-1-8] TRACE io.netty.handler.codec.http.websocketx.WebSocket08FrameEncoder - Encoding WebSocket Frame opCode=8 length=26
15:57:55.334 [AsyncHttpClient-1-3] TRACE io.netty.handler.codec.http.websocketx.WebSocket08FrameEncoder - Encoding WebSocket Frame opCode=8 length=26
15:58:10.392 [TestNG-tests-1] FATAL testCases.TC_012_CheckOut - Checkout is Failed if products are prasent, new payment address selected
15:58:25.776 [TestNG-tests-2] FATAL testCases.TC_012_CheckOut - Checkout is Failed if products are prasent, new payment address selected
15:58:40.424 [TestNG-tests-1] FATAL testCases.TC_012_CheckOut - Checkout is Failed if products are prasent, new Shipping address selected
15:58:40.426 [AsyncHttpClient-1-6] TRACE io.netty.handler.codec.http.websocketx.WebSocket08FrameEncoder - Encoding WebSocket Frame opCode=8 length=26
15:58:55.844 [TestNG-tests-2] FATAL testCases.TC_012_CheckOut - Checkout is Failed if products are prasent, new Shipping address selected
15:58:55.846 [AsyncHttpClient-1-9] TRACE io.netty.handler.codec.http.websocketx.WebSocket08FrameEncoder - Encoding WebSocket Frame opCode=8 length=26
15:58:56.870 [AsyncHttpClient-1-6] DEBUG io.netty.buffer.PoolThreadCache - Freed 20 thread-local buffer(s) from thread: AsyncHttpClient-1-6
15:58:56.870 [AsyncHttpClient-1-2] DEBUG io.netty.buffer.PoolThreadCache - Freed 32 thread-local buffer(s) from thread: AsyncHttpClient-1-2
15:58:56.870 [AsyncHttpClient-1-4] DEBUG io.netty.buffer.PoolThreadCache - Freed 27 thread-local buffer(s) from thread: AsyncHttpClient-1-4
15:58:56.870 [AsyncHttpClient-1-3] DEBUG io.netty.buffer.PoolThreadCache - Freed 30 thread-local buffer(s) from thread: AsyncHttpClient-1-3
15:58:56.872 [AsyncHttpClient-1-8] DEBUG io.netty.buffer.PoolThreadCache - Freed 30 thread-local buffer(s) from thread: AsyncHttpClient-1-8
15:58:56.872 [AsyncHttpClient-1-7] DEBUG io.netty.buffer.PoolThreadCache - Freed 28 thread-local buffer(s) from thread: AsyncHttpClient-1-7
11:02:12.679 [main] DEBUG io.netty.util.internal.logging.InternalLoggerFactory - Using Log4J2 as the default logging framework
11:02:12.688 [main] DEBUG io.netty.util.ResourceLeakDetector - -Dio.netty.leakDetection.level: simple
11:02:12.688 [main] DEBUG io.netty.util.ResourceLeakDetector - -Dio.netty.leakDetection.targetRecords: 4
11:02:12.693 [main] DEBUG io.netty.util.ResourceLeakDetectorFactory - Loaded default ResourceLeakDetector: io.netty.util.ResourceLeakDetector@1e8ab90f
11:02:12.704 [main] DEBUG io.netty.util.internal.PlatformDependent - Platform: Windows
11:02:12.706 [main] DEBUG io.netty.util.internal.PlatformDependent0 - -Dio.netty.noUnsafe: false
11:02:12.706 [main] DEBUG io.netty.util.internal.PlatformDependent0 - Java version: 16
11:02:12.707 [main] DEBUG io.netty.util.internal.PlatformDependent0 - sun.misc.Unsafe.theUnsafe: available
11:02:12.708 [main] DEBUG io.netty.util.internal.PlatformDependent0 - sun.misc.Unsafe.copyMemory: available
11:02:12.708 [main] DEBUG io.netty.util.internal.PlatformDependent0 - java.nio.Buffer.address: available
11:02:12.708 [main] DEBUG io.netty.util.internal.PlatformDependent0 - direct buffer constructor: unavailable
java.lang.UnsupportedOperationException: Reflective setAccessible(true) disabled
	at io.netty.util.internal.ReflectionUtil.trySetAccessible(ReflectionUtil.java:31) ~[netty-common-4.1.58.Final.jar:4.1.58.Final]
	at io.netty.util.internal.PlatformDependent0$4.run(PlatformDependent0.java:238) ~[netty-common-4.1.58.Final.jar:4.1.58.Final]
	at java.security.AccessController.doPrivileged(AccessController.java:312) ~[?:?]
	at io.netty.util.internal.PlatformDependent0.<clinit>(PlatformDependent0.java:232) ~[netty-common-4.1.58.Final.jar:4.1.58.Final]
	at io.netty.util.internal.PlatformDependent.isAndroid(PlatformDependent.java:293) ~[netty-common-4.1.58.Final.jar:4.1.58.Final]
	at io.netty.util.internal.PlatformDependent.<clinit>(PlatformDependent.java:92) ~[netty-common-4.1.58.Final.jar:4.1.58.Final]
	at io.netty.util.HashedWheelTimer.<init>(HashedWheelTimer.java:109) ~[netty-common-4.1.58.Final.jar:4.1.58.Final]
	at io.netty.util.HashedWheelTimer.<init>(HashedWheelTimer.java:218) ~[netty-common-4.1.58.Final.jar:4.1.58.Final]
	at io.netty.util.HashedWheelTimer.<init>(HashedWheelTimer.java:197) ~[netty-common-4.1.58.Final.jar:4.1.58.Final]
	at org.asynchttpclient.DefaultAsyncHttpClient.newNettyTimer(DefaultAsyncHttpClient.java:111) ~[async-http-client-2.12.2.jar:?]
	at org.asynchttpclient.DefaultAsyncHttpClient.<init>(DefaultAsyncHttpClient.java:90) ~[async-http-client-2.12.2.jar:?]
	at org.asynchttpclient.Dsl.asyncHttpClient(Dsl.java:32) ~[async-http-client-2.12.2.jar:?]
	at org.openqa.selenium.remote.http.netty.NettyClient.createHttpClient(NettyClient.java:98) ~[selenium-remote-driver-4.0.0-beta-3.jar:?]
	at org.openqa.selenium.remote.http.netty.NettyClient.<clinit>(NettyClient.java:51) ~[selenium-remote-driver-4.0.0-beta-3.jar:?]
	at org.openqa.selenium.remote.http.netty.NettyClient$Factory.createClient(NettyClient.java:147) ~[selenium-remote-driver-4.0.0-beta-3.jar:?]
	at org.openqa.selenium.remote.HttpCommandExecutor.<init>(HttpCommandExecutor.java:107) ~[selenium-remote-driver-4.0.0-beta-3.jar:?]
	at org.openqa.selenium.remote.HttpCommandExecutor.<init>(HttpCommandExecutor.java:94) ~[selenium-remote-driver-4.0.0-beta-3.jar:?]
	at org.openqa.selenium.remote.HttpCommandExecutor.<init>(HttpCommandExecutor.java:85) ~[selenium-remote-driver-4.0.0-beta-3.jar:?]
	at org.openqa.selenium.remote.service.DriverCommandExecutor.<init>(DriverCommandExecutor.java:68) ~[selenium-remote-driver-4.0.0-beta-3.jar:?]
	at org.openqa.selenium.chromium.ChromiumDriverCommandExecutor.<init>(ChromiumDriverCommandExecutor.java:78) ~[selenium-chromium-driver-4.0.0-beta-3.jar:?]
	at org.openqa.selenium.chrome.ChromeDriver.<init>(ChromeDriver.java:99) ~[selenium-chrome-driver-4.0.0-beta-3.jar:?]
	at org.openqa.selenium.chrome.ChromeDriver.<init>(ChromeDriver.java:86) ~[selenium-chrome-driver-4.0.0-beta-3.jar:?]
	at org.openqa.selenium.chrome.ChromeDriver.<init>(ChromeDriver.java:41) ~[selenium-chrome-driver-4.0.0-beta-3.jar:?]
	at testBase.BaseClass.setup(BaseClass.java:46) ~[test-classes/:?]
	at jdk.internal.reflect.NativeMethodAccessorImpl.invoke0(Native Method) ~[?:?]
	at jdk.internal.reflect.NativeMethodAccessorImpl.invoke(NativeMethodAccessorImpl.java:78) ~[?:?]
	at jdk.internal.reflect.DelegatingMethodAccessorImpl.invoke(DelegatingMethodAccessorImpl.java:43) ~[?:?]
	at java.lang.reflect.Method.invoke(Method.java:567) ~[?:?]
	at org.testng.internal.MethodInvocationHelper.invokeMethod(MethodInvocationHelper.java:132) ~[testng-7.3.0.jar:?]
	at org.testng.internal.MethodInvocationHelper.invokeMethodConsideringTimeout(MethodInvocationHelper.java:61) ~[testng-7.3.0.jar:?]
	at org.testng.internal.ConfigInvoker.invokeConfigurationMethod(ConfigInvoker.java:366) ~[testng-7.3.0.jar:?]
	at org.testng.internal.ConfigInvoker.invokeConfigurations(ConfigInvoker.java:320) ~[testng-7.3.0.jar:?]
	at org.testng.internal.TestMethodWorker.invokeBeforeClassMethods(TestMethodWorker.java:176) ~[testng-7.3.0.jar:?]
	at org.testng.internal.TestMethodWorker.run(TestMethodWorker.java:122) ~[testng-7.3.0.jar:?]
	at java.util.ArrayList.forEach(ArrayList.java:1511) [?:?]
	at org.testng.TestRunner.privateRun(TestRunner.java:764) [testng-7.3.0.jar:?]
	at org.testng.TestRunner.run(TestRunner.java:585) [testng-7.3.0.jar:?]
	at org.testng.SuiteRunner.runTest(SuiteRunner.java:384) [testng-7.3.0.jar:?]
	at org.testng.SuiteRunner.runSequentially(SuiteRunner.java:378) [testng-7.3.0.jar:?]
	at org.testng.SuiteRunner.privateRun(SuiteRunner.java:337) [testng-7.3.0.jar:?]
	at org.testng.SuiteRunner.run(SuiteRunner.java:286) [testng-7.3.0.jar:?]
	at org.testng.SuiteRunnerWorker.runSuite(SuiteRunnerWorker.java:53) [testng-7.3.0.jar:?]
	at org.testng.SuiteRunnerWorker.run(SuiteRunnerWorker.java:96) [testng-7.3.0.jar:?]
	at org.testng.TestNG.runSuitesSequentially(TestNG.java:1218) [testng-7.3.0.jar:?]
	at org.testng.TestNG.runSuitesLocally(TestNG.java:1140) [testng-7.3.0.jar:?]
	at org.testng.TestNG.runSuites(TestNG.java:1069) [testng-7.3.0.jar:?]
	at org.testng.TestNG.run(TestNG.java:1037) [testng-7.3.0.jar:?]
	at org.testng.remote.AbstractRemoteTestNG.run(AbstractRemoteTestNG.java:115) [testng-remote.jar:?]
	at org.testng.remote.RemoteTestNG.initAndRun(RemoteTestNG.java:251) [testng-remote.jar:?]
	at org.testng.remote.RemoteTestNG.main(RemoteTestNG.java:77) [testng-remote.jar:?]
11:02:12.715 [main] DEBUG io.netty.util.internal.PlatformDependent0 - java.nio.Bits.unaligned: available, true
11:02:12.716 [main] DEBUG io.netty.util.internal.PlatformDependent0 - jdk.internal.misc.Unsafe.allocateUninitializedArray(int): unavailable
java.lang.IllegalAccessException: class io.netty.util.internal.PlatformDependent0$6 cannot access class jdk.internal.misc.Unsafe (in module java.base) because module java.base does not export jdk.internal.misc to unnamed module @4dfa3a9d
	at jdk.internal.reflect.Reflection.newIllegalAccessException(Reflection.java:385) ~[?:?]
	at java.lang.reflect.AccessibleObject.checkAccess(AccessibleObject.java:687) ~[?:?]
	at java.lang.reflect.Method.invoke(Method.java:559) ~[?:?]
	at io.netty.util.internal.PlatformDependent0$6.run(PlatformDependent0.java:352) ~[netty-common-4.1.58.Final.jar:4.1.58.Final]
	at java.security.AccessController.doPrivileged(AccessController.java:312) ~[?:?]
	at io.netty.util.internal.PlatformDependent0.<clinit>(PlatformDependent0.java:343) ~[netty-common-4.1.58.Final.jar:4.1.58.Final]
	at io.netty.util.internal.PlatformDependent.isAndroid(PlatformDependent.java:293) ~[netty-common-4.1.58.Final.jar:4.1.58.Final]
	at io.netty.util.internal.PlatformDependent.<clinit>(PlatformDependent.java:92) ~[netty-common-4.1.58.Final.jar:4.1.58.Final]
	at io.netty.util.HashedWheelTimer.<init>(HashedWheelTimer.java:109) ~[netty-common-4.1.58.Final.jar:4.1.58.Final]
	at io.netty.util.HashedWheelTimer.<init>(HashedWheelTimer.java:218) ~[netty-common-4.1.58.Final.jar:4.1.58.Final]
	at io.netty.util.HashedWheelTimer.<init>(HashedWheelTimer.java:197) ~[netty-common-4.1.58.Final.jar:4.1.58.Final]
	at org.asynchttpclient.DefaultAsyncHttpClient.newNettyTimer(DefaultAsyncHttpClient.java:111) ~[async-http-client-2.12.2.jar:?]
	at org.asynchttpclient.DefaultAsyncHttpClient.<init>(DefaultAsyncHttpClient.java:90) ~[async-http-client-2.12.2.jar:?]
	at org.asynchttpclient.Dsl.asyncHttpClient(Dsl.java:32) ~[async-http-client-2.12.2.jar:?]
	at org.openqa.selenium.remote.http.netty.NettyClient.createHttpClient(NettyClient.java:98) ~[selenium-remote-driver-4.0.0-beta-3.jar:?]
	at org.openqa.selenium.remote.http.netty.NettyClient.<clinit>(NettyClient.java:51) ~[selenium-remote-driver-4.0.0-beta-3.jar:?]
	at org.openqa.selenium.remote.http.netty.NettyClient$Factory.createClient(NettyClient.java:147) ~[selenium-remote-driver-4.0.0-beta-3.jar:?]
	at org.openqa.selenium.remote.HttpCommandExecutor.<init>(HttpCommandExecutor.java:107) ~[selenium-remote-driver-4.0.0-beta-3.jar:?]
	at org.openqa.selenium.remote.HttpCommandExecutor.<init>(HttpCommandExecutor.java:94) ~[selenium-remote-driver-4.0.0-beta-3.jar:?]
	at org.openqa.selenium.remote.HttpCommandExecutor.<init>(HttpCommandExecutor.java:85) ~[selenium-remote-driver-4.0.0-beta-3.jar:?]
	at org.openqa.selenium.remote.service.DriverCommandExecutor.<init>(DriverCommandExecutor.java:68) ~[selenium-remote-driver-4.0.0-beta-3.jar:?]
	at org.openqa.selenium.chromium.ChromiumDriverCommandExecutor.<init>(ChromiumDriverCommandExecutor.java:78) ~[selenium-chromium-driver-4.0.0-beta-3.jar:?]
	at org.openqa.selenium.chrome.ChromeDriver.<init>(ChromeDriver.java:99) ~[selenium-chrome-driver-4.0.0-beta-3.jar:?]
	at org.openqa.selenium.chrome.ChromeDriver.<init>(ChromeDriver.java:86) ~[selenium-chrome-driver-4.0.0-beta-3.jar:?]
	at org.openqa.selenium.chrome.ChromeDriver.<init>(ChromeDriver.java:41) ~[selenium-chrome-driver-4.0.0-beta-3.jar:?]
	at testBase.BaseClass.setup(BaseClass.java:46) ~[test-classes/:?]
	at jdk.internal.reflect.NativeMethodAccessorImpl.invoke0(Native Method) ~[?:?]
	at jdk.internal.reflect.NativeMethodAccessorImpl.invoke(NativeMethodAccessorImpl.java:78) ~[?:?]
	at jdk.internal.reflect.DelegatingMethodAccessorImpl.invoke(DelegatingMethodAccessorImpl.java:43) ~[?:?]
	at java.lang.reflect.Method.invoke(Method.java:567) ~[?:?]
	at org.testng.internal.MethodInvocationHelper.invokeMethod(MethodInvocationHelper.java:132) ~[testng-7.3.0.jar:?]
	at org.testng.internal.MethodInvocationHelper.invokeMethodConsideringTimeout(MethodInvocationHelper.java:61) ~[testng-7.3.0.jar:?]
	at org.testng.internal.ConfigInvoker.invokeConfigurationMethod(ConfigInvoker.java:366) ~[testng-7.3.0.jar:?]
	at org.testng.internal.ConfigInvoker.invokeConfigurations(ConfigInvoker.java:320) ~[testng-7.3.0.jar:?]
	at org.testng.internal.TestMethodWorker.invokeBeforeClassMethods(TestMethodWorker.java:176) ~[testng-7.3.0.jar:?]
	at org.testng.internal.TestMethodWorker.run(TestMethodWorker.java:122) ~[testng-7.3.0.jar:?]
	at java.util.ArrayList.forEach(ArrayList.java:1511) [?:?]
	at org.testng.TestRunner.privateRun(TestRunner.java:764) [testng-7.3.0.jar:?]
	at org.testng.TestRunner.run(TestRunner.java:585) [testng-7.3.0.jar:?]
	at org.testng.SuiteRunner.runTest(SuiteRunner.java:384) [testng-7.3.0.jar:?]
	at org.testng.SuiteRunner.runSequentially(SuiteRunner.java:378) [testng-7.3.0.jar:?]
	at org.testng.SuiteRunner.privateRun(SuiteRunner.java:337) [testng-7.3.0.jar:?]
	at org.testng.SuiteRunner.run(SuiteRunner.java:286) [testng-7.3.0.jar:?]
	at org.testng.SuiteRunnerWorker.runSuite(SuiteRunnerWorker.java:53) [testng-7.3.0.jar:?]
	at org.testng.SuiteRunnerWorker.run(SuiteRunnerWorker.java:96) [testng-7.3.0.jar:?]
	at org.testng.TestNG.runSuitesSequentially(TestNG.java:1218) [testng-7.3.0.jar:?]
	at org.testng.TestNG.runSuitesLocally(TestNG.java:1140) [testng-7.3.0.jar:?]
	at org.testng.TestNG.runSuites(TestNG.java:1069) [testng-7.3.0.jar:?]
	at org.testng.TestNG.run(TestNG.java:1037) [testng-7.3.0.jar:?]
	at org.testng.remote.AbstractRemoteTestNG.run(AbstractRemoteTestNG.java:115) [testng-remote.jar:?]
	at org.testng.remote.RemoteTestNG.initAndRun(RemoteTestNG.java:251) [testng-remote.jar:?]
	at org.testng.remote.RemoteTestNG.main(RemoteTestNG.java:77) [testng-remote.jar:?]
11:02:12.717 [main] DEBUG io.netty.util.internal.PlatformDependent0 - java.nio.DirectByteBuffer.<init>(long, int): unavailable
11:02:12.717 [main] DEBUG io.netty.util.internal.PlatformDependent - sun.misc.Unsafe: available
11:02:12.717 [main] DEBUG io.netty.util.internal.PlatformDependent - maxDirectMemory: 2067791872 bytes (maybe)
11:02:12.717 [main] DEBUG io.netty.util.internal.PlatformDependent - -Dio.netty.tmpdir: C:\Users\Suresh\AppData\Local\Temp (java.io.tmpdir)
11:02:12.718 [main] DEBUG io.netty.util.internal.PlatformDependent - -Dio.netty.bitMode: 64 (sun.arch.data.model)
11:02:12.718 [main] DEBUG io.netty.util.internal.PlatformDependent - -Dio.netty.maxDirectMemory: -1 bytes
11:02:12.718 [main] DEBUG io.netty.util.internal.PlatformDependent - -Dio.netty.uninitializedArrayAllocationThreshold: -1
11:02:12.720 [main] DEBUG io.netty.util.internal.CleanerJava9 - java.nio.ByteBuffer.cleaner(): available
11:02:12.720 [main] DEBUG io.netty.util.internal.PlatformDependent - -Dio.netty.noPreferDirect: false
11:02:12.726 [main] DEBUG io.netty.util.internal.PlatformDependent - org.jctools-core.MpscChunkedArrayQueue: available
11:02:12.747 [main] DEBUG io.netty.util.internal.InternalThreadLocalMap - -Dio.netty.threadLocalMap.stringBuilder.initialSize: 1024
11:02:12.747 [main] DEBUG io.netty.util.internal.InternalThreadLocalMap - -Dio.netty.threadLocalMap.stringBuilder.maxSize: 4096
11:02:12.764 [main] DEBUG io.netty.handler.ssl.JdkSslContext - Default protocols (JDK): [TLSv1.3, TLSv1.2] 
11:02:12.764 [main] DEBUG io.netty.handler.ssl.JdkSslContext - Default cipher suites (JDK): [TLS_ECDHE_ECDSA_WITH_AES_256_GCM_SHA384, TLS_ECDHE_ECDSA_WITH_AES_128_GCM_SHA256, TLS_ECDHE_RSA_WITH_AES_128_GCM_SHA256, TLS_ECDHE_RSA_WITH_AES_256_GCM_SHA384, TLS_ECDHE_RSA_WITH_AES_128_CBC_SHA, TLS_ECDHE_RSA_WITH_AES_256_CBC_SHA, TLS_RSA_WITH_AES_128_GCM_SHA256, TLS_RSA_WITH_AES_128_CBC_SHA, TLS_RSA_WITH_AES_256_CBC_SHA, TLS_AES_128_GCM_SHA256, TLS_AES_256_GCM_SHA384]
11:02:12.794 [main] DEBUG io.netty.channel.MultithreadEventLoopGroup - -Dio.netty.eventLoopThreads: 8
11:02:12.802 [main] DEBUG io.netty.channel.nio.NioEventLoop - -Dio.netty.noKeySetOptimization: false
11:02:12.802 [main] DEBUG io.netty.channel.nio.NioEventLoop - -Dio.netty.selectorAutoRebuildThreshold: 512
11:02:12.822 [main] TRACE io.netty.channel.nio.NioEventLoop - instrumented a special java.util.Set into: sun.nio.ch.WindowsSelectorImpl@440e3ce6
11:02:12.825 [main] TRACE io.netty.channel.nio.NioEventLoop - instrumented a special java.util.Set into: sun.nio.ch.WindowsSelectorImpl@7132a9dc
11:02:12.827 [main] TRACE io.netty.channel.nio.NioEventLoop - instrumented a special java.util.Set into: sun.nio.ch.WindowsSelectorImpl@57435801
11:02:12.830 [main] TRACE io.netty.channel.nio.NioEventLoop - instrumented a special java.util.Set into: sun.nio.ch.WindowsSelectorImpl@2da66a44
11:02:12.832 [main] TRACE io.netty.channel.nio.NioEventLoop - instrumented a special java.util.Set into: sun.nio.ch.WindowsSelectorImpl@527fc8e
11:02:12.835 [main] TRACE io.netty.channel.nio.NioEventLoop - instrumented a special java.util.Set into: sun.nio.ch.WindowsSelectorImpl@61bfc9bf
11:02:12.838 [main] TRACE io.netty.channel.nio.NioEventLoop - instrumented a special java.util.Set into: sun.nio.ch.WindowsSelectorImpl@2c7106d9
11:02:12.840 [main] TRACE io.netty.channel.nio.NioEventLoop - instrumented a special java.util.Set into: sun.nio.ch.WindowsSelectorImpl@329bad59
11:02:12.880 [main] DEBUG io.netty.buffer.PooledByteBufAllocator - -Dio.netty.allocator.numHeapArenas: 8
11:02:12.880 [main] DEBUG io.netty.buffer.PooledByteBufAllocator - -Dio.netty.allocator.numDirectArenas: 8
11:02:12.881 [main] DEBUG io.netty.buffer.PooledByteBufAllocator - -Dio.netty.allocator.pageSize: 8192
11:02:12.881 [main] DEBUG io.netty.buffer.PooledByteBufAllocator - -Dio.netty.allocator.maxOrder: 11
11:02:12.881 [main] DEBUG io.netty.buffer.PooledByteBufAllocator - -Dio.netty.allocator.chunkSize: 16777216
11:02:12.881 [main] DEBUG io.netty.buffer.PooledByteBufAllocator - -Dio.netty.allocator.smallCacheSize: 256
11:02:12.881 [main] DEBUG io.netty.buffer.PooledByteBufAllocator - -Dio.netty.allocator.normalCacheSize: 64
11:02:12.881 [main] DEBUG io.netty.buffer.PooledByteBufAllocator - -Dio.netty.allocator.maxCachedBufferCapacity: 32768
11:02:12.881 [main] DEBUG io.netty.buffer.PooledByteBufAllocator - -Dio.netty.allocator.cacheTrimInterval: 8192
11:02:12.882 [main] DEBUG io.netty.buffer.PooledByteBufAllocator - -Dio.netty.allocator.cacheTrimIntervalMillis: 0
11:02:12.882 [main] DEBUG io.netty.buffer.PooledByteBufAllocator - -Dio.netty.allocator.useCacheForAllThreads: true
11:02:12.882 [main] DEBUG io.netty.buffer.PooledByteBufAllocator - -Dio.netty.allocator.maxCachedByteBuffersPerChunk: 1023
11:02:12.906 [main] DEBUG io.netty.buffer.ByteBufUtil - -Dio.netty.allocator.type: pooled
11:02:12.906 [main] DEBUG io.netty.buffer.ByteBufUtil - -Dio.netty.threadLocalDirectBufferSize: 0
11:02:12.906 [main] DEBUG io.netty.buffer.ByteBufUtil - -Dio.netty.maxThreadLocalCharBufferSize: 16384
11:02:16.327 [Forwarding newSession on session null to remote] DEBUG io.netty.channel.DefaultChannelId - -Dio.netty.processId: 13248 (auto-detected)
11:02:16.329 [Forwarding newSession on session null to remote] DEBUG io.netty.util.NetUtil - -Djava.net.preferIPv4Stack: false
11:02:16.329 [Forwarding newSession on session null to remote] DEBUG io.netty.util.NetUtil - -Djava.net.preferIPv6Addresses: false
11:02:16.338 [Forwarding newSession on session null to remote] DEBUG io.netty.util.NetUtilInitializations - Loopback interface: lo (Software Loopback Interface 1, 127.0.0.1)
11:02:16.339 [Forwarding newSession on session null to remote] DEBUG io.netty.util.NetUtil - Failed to get SOMAXCONN from sysctl and file \proc\sys\net\core\somaxconn. Default: 200
11:02:16.360 [Forwarding newSession on session null to remote] DEBUG io.netty.channel.DefaultChannelId - -Dio.netty.machineId: 20:4e:f6:ff:fe:2e:50:9b (auto-detected)
11:02:16.427 [AsyncHttpClient-1-2] DEBUG io.netty.buffer.AbstractByteBuf - -Dio.netty.buffer.checkAccessible: true
11:02:16.427 [AsyncHttpClient-1-2] DEBUG io.netty.buffer.AbstractByteBuf - -Dio.netty.buffer.checkBounds: true
11:02:16.427 [AsyncHttpClient-1-2] DEBUG io.netty.util.ResourceLeakDetectorFactory - Loaded default ResourceLeakDetector: io.netty.util.ResourceLeakDetector@37619659
11:02:16.443 [AsyncHttpClient-1-2] DEBUG io.netty.util.Recycler - -Dio.netty.recycler.maxCapacityPerThread: 4096
11:02:16.444 [AsyncHttpClient-1-2] DEBUG io.netty.util.Recycler - -Dio.netty.recycler.maxSharedCapacityFactor: 2
11:02:16.444 [AsyncHttpClient-1-2] DEBUG io.netty.util.Recycler - -Dio.netty.recycler.linkCapacity: 16
11:02:16.444 [AsyncHttpClient-1-2] DEBUG io.netty.util.Recycler - -Dio.netty.recycler.ratio: 8
11:02:16.444 [AsyncHttpClient-1-2] DEBUG io.netty.util.Recycler - -Dio.netty.recycler.delayedQueue.ratio: 8
11:02:19.022 [main] DEBUG io.netty.util.internal.ThreadLocalRandom - -Dio.netty.initialSeedUniquifier: 0x0e230723442c37fc
11:02:19.122 [main] INFO  testCases.TC_014_MyAccountInformation - Launched Chrome Browser
11:02:19.375 [main] INFO  testCases.TC_014_MyAccountInformation - TC_014_MyAccountInformation is started
11:02:49.724 [AsyncHttpClient-1-4] TRACE io.netty.handler.codec.http.websocketx.WebSocket08FrameEncoder - Encoding WebSocket Frame opCode=8 length=26
11:07:31.249 [main] DEBUG io.netty.util.internal.logging.InternalLoggerFactory - Using Log4J2 as the default logging framework
11:07:31.258 [main] DEBUG io.netty.util.ResourceLeakDetector - -Dio.netty.leakDetection.level: simple
11:07:31.259 [main] DEBUG io.netty.util.ResourceLeakDetector - -Dio.netty.leakDetection.targetRecords: 4
11:07:31.262 [main] DEBUG io.netty.util.ResourceLeakDetectorFactory - Loaded default ResourceLeakDetector: io.netty.util.ResourceLeakDetector@fca387
11:07:31.277 [main] DEBUG io.netty.util.internal.PlatformDependent - Platform: Windows
11:07:31.279 [main] DEBUG io.netty.util.internal.PlatformDependent0 - -Dio.netty.noUnsafe: false
11:07:31.280 [main] DEBUG io.netty.util.internal.PlatformDependent0 - Java version: 16
11:07:31.280 [main] DEBUG io.netty.util.internal.PlatformDependent0 - sun.misc.Unsafe.theUnsafe: available
11:07:31.281 [main] DEBUG io.netty.util.internal.PlatformDependent0 - sun.misc.Unsafe.copyMemory: available
11:07:31.282 [main] DEBUG io.netty.util.internal.PlatformDependent0 - java.nio.Buffer.address: available
11:07:31.282 [main] DEBUG io.netty.util.internal.PlatformDependent0 - direct buffer constructor: unavailable
java.lang.UnsupportedOperationException: Reflective setAccessible(true) disabled
	at io.netty.util.internal.ReflectionUtil.trySetAccessible(ReflectionUtil.java:31) ~[netty-common-4.1.58.Final.jar:4.1.58.Final]
	at io.netty.util.internal.PlatformDependent0$4.run(PlatformDependent0.java:238) ~[netty-common-4.1.58.Final.jar:4.1.58.Final]
	at java.security.AccessController.doPrivileged(AccessController.java:312) ~[?:?]
	at io.netty.util.internal.PlatformDependent0.<clinit>(PlatformDependent0.java:232) ~[netty-common-4.1.58.Final.jar:4.1.58.Final]
	at io.netty.util.internal.PlatformDependent.isAndroid(PlatformDependent.java:293) ~[netty-common-4.1.58.Final.jar:4.1.58.Final]
	at io.netty.util.internal.PlatformDependent.<clinit>(PlatformDependent.java:92) ~[netty-common-4.1.58.Final.jar:4.1.58.Final]
	at io.netty.util.HashedWheelTimer.<init>(HashedWheelTimer.java:109) ~[netty-common-4.1.58.Final.jar:4.1.58.Final]
	at io.netty.util.HashedWheelTimer.<init>(HashedWheelTimer.java:218) ~[netty-common-4.1.58.Final.jar:4.1.58.Final]
	at io.netty.util.HashedWheelTimer.<init>(HashedWheelTimer.java:197) ~[netty-common-4.1.58.Final.jar:4.1.58.Final]
	at org.asynchttpclient.DefaultAsyncHttpClient.newNettyTimer(DefaultAsyncHttpClient.java:111) ~[async-http-client-2.12.2.jar:?]
	at org.asynchttpclient.DefaultAsyncHttpClient.<init>(DefaultAsyncHttpClient.java:90) ~[async-http-client-2.12.2.jar:?]
	at org.asynchttpclient.Dsl.asyncHttpClient(Dsl.java:32) ~[async-http-client-2.12.2.jar:?]
	at org.openqa.selenium.remote.http.netty.NettyClient.createHttpClient(NettyClient.java:98) ~[selenium-remote-driver-4.0.0-beta-3.jar:?]
	at org.openqa.selenium.remote.http.netty.NettyClient.<clinit>(NettyClient.java:51) ~[selenium-remote-driver-4.0.0-beta-3.jar:?]
	at org.openqa.selenium.remote.http.netty.NettyClient$Factory.createClient(NettyClient.java:147) ~[selenium-remote-driver-4.0.0-beta-3.jar:?]
	at org.openqa.selenium.remote.HttpCommandExecutor.<init>(HttpCommandExecutor.java:107) ~[selenium-remote-driver-4.0.0-beta-3.jar:?]
	at org.openqa.selenium.remote.HttpCommandExecutor.<init>(HttpCommandExecutor.java:94) ~[selenium-remote-driver-4.0.0-beta-3.jar:?]
	at org.openqa.selenium.remote.HttpCommandExecutor.<init>(HttpCommandExecutor.java:85) ~[selenium-remote-driver-4.0.0-beta-3.jar:?]
	at org.openqa.selenium.remote.service.DriverCommandExecutor.<init>(DriverCommandExecutor.java:68) ~[selenium-remote-driver-4.0.0-beta-3.jar:?]
	at org.openqa.selenium.chromium.ChromiumDriverCommandExecutor.<init>(ChromiumDriverCommandExecutor.java:78) ~[selenium-chromium-driver-4.0.0-beta-3.jar:?]
	at org.openqa.selenium.chrome.ChromeDriver.<init>(ChromeDriver.java:99) ~[selenium-chrome-driver-4.0.0-beta-3.jar:?]
	at org.openqa.selenium.chrome.ChromeDriver.<init>(ChromeDriver.java:86) ~[selenium-chrome-driver-4.0.0-beta-3.jar:?]
	at org.openqa.selenium.chrome.ChromeDriver.<init>(ChromeDriver.java:41) ~[selenium-chrome-driver-4.0.0-beta-3.jar:?]
	at testBase.BaseClass.setup(BaseClass.java:46) ~[test-classes/:?]
	at jdk.internal.reflect.NativeMethodAccessorImpl.invoke0(Native Method) ~[?:?]
	at jdk.internal.reflect.NativeMethodAccessorImpl.invoke(NativeMethodAccessorImpl.java:78) ~[?:?]
	at jdk.internal.reflect.DelegatingMethodAccessorImpl.invoke(DelegatingMethodAccessorImpl.java:43) ~[?:?]
	at java.lang.reflect.Method.invoke(Method.java:567) ~[?:?]
	at org.testng.internal.MethodInvocationHelper.invokeMethod(MethodInvocationHelper.java:132) ~[testng-7.3.0.jar:?]
	at org.testng.internal.MethodInvocationHelper.invokeMethodConsideringTimeout(MethodInvocationHelper.java:61) ~[testng-7.3.0.jar:?]
	at org.testng.internal.ConfigInvoker.invokeConfigurationMethod(ConfigInvoker.java:366) ~[testng-7.3.0.jar:?]
	at org.testng.internal.ConfigInvoker.invokeConfigurations(ConfigInvoker.java:320) ~[testng-7.3.0.jar:?]
	at org.testng.internal.TestMethodWorker.invokeBeforeClassMethods(TestMethodWorker.java:176) ~[testng-7.3.0.jar:?]
	at org.testng.internal.TestMethodWorker.run(TestMethodWorker.java:122) ~[testng-7.3.0.jar:?]
	at java.util.ArrayList.forEach(ArrayList.java:1511) [?:?]
	at org.testng.TestRunner.privateRun(TestRunner.java:764) [testng-7.3.0.jar:?]
	at org.testng.TestRunner.run(TestRunner.java:585) [testng-7.3.0.jar:?]
	at org.testng.SuiteRunner.runTest(SuiteRunner.java:384) [testng-7.3.0.jar:?]
	at org.testng.SuiteRunner.runSequentially(SuiteRunner.java:378) [testng-7.3.0.jar:?]
	at org.testng.SuiteRunner.privateRun(SuiteRunner.java:337) [testng-7.3.0.jar:?]
	at org.testng.SuiteRunner.run(SuiteRunner.java:286) [testng-7.3.0.jar:?]
	at org.testng.SuiteRunnerWorker.runSuite(SuiteRunnerWorker.java:53) [testng-7.3.0.jar:?]
	at org.testng.SuiteRunnerWorker.run(SuiteRunnerWorker.java:96) [testng-7.3.0.jar:?]
	at org.testng.TestNG.runSuitesSequentially(TestNG.java:1218) [testng-7.3.0.jar:?]
	at org.testng.TestNG.runSuitesLocally(TestNG.java:1140) [testng-7.3.0.jar:?]
	at org.testng.TestNG.runSuites(TestNG.java:1069) [testng-7.3.0.jar:?]
	at org.testng.TestNG.run(TestNG.java:1037) [testng-7.3.0.jar:?]
	at org.testng.remote.AbstractRemoteTestNG.run(AbstractRemoteTestNG.java:115) [testng-remote.jar:?]
	at org.testng.remote.RemoteTestNG.initAndRun(RemoteTestNG.java:251) [testng-remote.jar:?]
	at org.testng.remote.RemoteTestNG.main(RemoteTestNG.java:77) [testng-remote.jar:?]
