<html>
<head>
<title>TestNG:  Edge Testcases</title>
<link href="../testng.css" rel="stylesheet" type="text/css" />
<link href="../my-testng.css" rel="stylesheet" type="text/css" />

<style type="text/css">
.log { display: none;} 
.stack-trace { display: none;} 
</style>
<script type="text/javascript">
<!--
function flip(e) {
  current = e.style.display;
  if (current == 'block') {
    e.style.display = 'none';
    return 0;
  }
  else {
    e.style.display = 'block';
    return 1;
  }
}

function toggleBox(szDivId, elem, msg1, msg2)
{
  var res = -1;  if (document.getElementById) {
    res = flip(document.getElementById(szDivId));
  }
  else if (document.all) {
    // this is the way old msie versions work
    res = flip(document.all[szDivId]);
  }
  if(elem) {
    if(res == 0) elem.innerHTML = msg1; else elem.innerHTML = msg2;
  }

}

function toggleAllBoxes() {
  if (document.getElementsByTagName) {
    d = document.getElementsByTagName('div');
    for (i = 0; i < d.length; i++) {
      if (d[i].className == 'log') {
        flip(d[i]);
      }
    }
  }
}

// -->
</script>

</head>
<body>
<h2 align='center'>Edge Testcases</h2><table border='1' align="center">
<tr>
<td>Tests passed/Failed/Skipped:</td><td>18/2/0</td>
</tr><tr>
<td>Started on:</td><td>Wed Jul 06 15:46:25 IST 2022</td>
</tr>
<tr><td>Total time:</td><td>750 seconds (750213 ms)</td>
</tr><tr>
<td>Included groups:</td><td></td>
</tr><tr>
<td>Excluded groups:</td><td></td>
</tr>
</table><p/>
<small><i>(Hover the method name to see the test class name)</i></small><p/>
<table width='100%' border='1' class='invocation-failed'>
<tr><td colspan='4' align='center'><b>FAILED TESTS</b></td></tr>
<tr><td><b>Test method</b></td>
<td width="30%"><b>Exception</b></td>
<td width="10%"><b>Time (seconds)</b></td>
<td><b>Instance</b></td>
</tr>
<tr>
<td title='testCases.TC_013_MyAccount.MyAccount()'><b>MyAccount</b><br>Test class: testCases.TC_013_MyAccount</td>
<td><div><pre>java.lang.AssertionError: expected [true] but found [false]
	at testCases.TC_013_MyAccount.MyAccount(TC_013_MyAccount.java:49)
	at java.base/java.util.ArrayList.forEach(ArrayList.java:1511)
	at java.base/java.util.concurrent.FutureTask.run(FutureTask.java:264)
	at java.base/java.util.concurrent.ThreadPoolExecutor.runWorker(ThreadPoolExecutor.java:1130)
	at java.base/java.util.concurrent.ThreadPoolExecutor$Worker.run(ThreadPoolExecutor.java:630)
	at java.base/java.lang.Thread.run(Thread.java:831)
... Removed 22 stack frames</pre></div><a href='#' onClick='toggleBox("stack-trace1076554354", this, "Click to show all stack frames", "Click to hide stack frames")'>Click to show all stack frames</a>
<div class='stack-trace' id='stack-trace1076554354'><pre>java.lang.AssertionError: expected [true] but found [false]
	at org.testng.Assert.fail(Assert.java:99)
	at org.testng.Assert.failNotEquals(Assert.java:1037)
	at org.testng.Assert.assertTrue(Assert.java:45)
	at org.testng.Assert.assertTrue(Assert.java:55)
	at testCases.TC_013_MyAccount.MyAccount(TC_013_MyAccount.java:49)
	at java.base/jdk.internal.reflect.NativeMethodAccessorImpl.invoke0(Native Method)
	at java.base/jdk.internal.reflect.NativeMethodAccessorImpl.invoke(NativeMethodAccessorImpl.java:78)
	at java.base/jdk.internal.reflect.DelegatingMethodAccessorImpl.invoke(DelegatingMethodAccessorImpl.java:43)
	at java.base/java.lang.reflect.Method.invoke(Method.java:567)
	at org.testng.internal.MethodInvocationHelper.invokeMethod(MethodInvocationHelper.java:132)
	at org.testng.internal.TestInvoker.invokeMethod(TestInvoker.java:599)
	at org.testng.internal.TestInvoker.invokeTestMethod(TestInvoker.java:174)
	at org.testng.internal.MethodRunner.runInSequence(MethodRunner.java:46)
	at org.testng.internal.TestInvoker$MethodInvocationAgent.invoke(TestInvoker.java:822)
	at org.testng.internal.TestInvoker.invokeTestMethods(TestInvoker.java:147)
	at org.testng.internal.TestMethodWorker.invokeTestMethods(TestMethodWorker.java:146)
	at org.testng.internal.TestMethodWorker.run(TestMethodWorker.java:128)
	at java.base/java.util.ArrayList.forEach(ArrayList.java:1511)
	at org.testng.TestRunner.privateRun(TestRunner.java:764)
	at org.testng.TestRunner.run(TestRunner.java:585)
	at org.testng.SuiteRunner.runTest(SuiteRunner.java:384)
	at org.testng.SuiteRunner.access$000(SuiteRunner.java:28)
	at org.testng.SuiteRunner$SuiteWorker.run(SuiteRunner.java:425)
	at org.testng.internal.thread.ThreadUtil.lambda$execute$0(ThreadUtil.java:66)
	at java.base/java.util.concurrent.FutureTask.run(FutureTask.java:264)
	at java.base/java.util.concurrent.ThreadPoolExecutor.runWorker(ThreadPoolExecutor.java:1130)
	at java.base/java.util.concurrent.ThreadPoolExecutor$Worker.run(ThreadPoolExecutor.java:630)
	at java.base/java.lang.Thread.run(Thread.java:831)
</pre></div></td>
<td>30</td>
<td>testCases.TC_013_MyAccount@74ea2410</td></tr>
<tr>
<td title='testCases.TC_003_LoginDataDrivenTest.test_Login()'><b>test_Login</b><br>Test class: testCases.TC_003_LoginDataDrivenTest<br>Parameters: bs405@gmail.com, subbu123@, valid</td>
<td><div><pre>java.lang.AssertionError: expected [true] but found [false]
	at testCases.TC_003_LoginDataDrivenTest.test_Login(TC_003_LoginDataDrivenTest.java:57)
	at java.base/java.util.ArrayList.forEach(ArrayList.java:1511)
	at java.base/java.util.concurrent.FutureTask.run(FutureTask.java:264)
	at java.base/java.util.concurrent.ThreadPoolExecutor.runWorker(ThreadPoolExecutor.java:1130)
	at java.base/java.util.concurrent.ThreadPoolExecutor$Worker.run(ThreadPoolExecutor.java:630)
	at java.base/java.lang.Thread.run(Thread.java:831)
... Removed 22 stack frames</pre></div><a href='#' onClick='toggleBox("stack-trace1836434440", this, "Click to show all stack frames", "Click to hide stack frames")'>Click to show all stack frames</a>
<div class='stack-trace' id='stack-trace1836434440'><pre>java.lang.AssertionError: expected [true] but found [false]
	at org.testng.Assert.fail(Assert.java:99)
	at org.testng.Assert.failNotEquals(Assert.java:1037)
	at org.testng.Assert.assertTrue(Assert.java:45)
	at org.testng.Assert.assertTrue(Assert.java:55)
	at testCases.TC_003_LoginDataDrivenTest.test_Login(TC_003_LoginDataDrivenTest.java:57)
	at java.base/jdk.internal.reflect.NativeMethodAccessorImpl.invoke0(Native Method)
	at java.base/jdk.internal.reflect.NativeMethodAccessorImpl.invoke(NativeMethodAccessorImpl.java:78)
	at java.base/jdk.internal.reflect.DelegatingMethodAccessorImpl.invoke(DelegatingMethodAccessorImpl.java:43)
	at java.base/java.lang.reflect.Method.invoke(Method.java:567)
	at org.testng.internal.MethodInvocationHelper.invokeMethod(MethodInvocationHelper.java:132)
	at org.testng.internal.TestInvoker.invokeMethod(TestInvoker.java:599)
	at org.testng.internal.TestInvoker.invokeTestMethod(TestInvoker.java:174)
	at org.testng.internal.MethodRunner.runInSequence(MethodRunner.java:46)
	at org.testng.internal.TestInvoker$MethodInvocationAgent.invoke(TestInvoker.java:822)
	at org.testng.internal.TestInvoker.invokeTestMethods(TestInvoker.java:147)
	at org.testng.internal.TestMethodWorker.invokeTestMethods(TestMethodWorker.java:146)
	at org.testng.internal.TestMethodWorker.run(TestMethodWorker.java:128)
	at java.base/java.util.ArrayList.forEach(ArrayList.java:1511)
	at org.testng.TestRunner.privateRun(TestRunner.java:764)
	at org.testng.TestRunner.run(TestRunner.java:585)
	at org.testng.SuiteRunner.runTest(SuiteRunner.java:384)
	at org.testng.SuiteRunner.access$000(SuiteRunner.java:28)
	at org.testng.SuiteRunner$SuiteWorker.run(SuiteRunner.java:425)
	at org.testng.internal.thread.ThreadUtil.lambda$execute$0(ThreadUtil.java:66)
	at java.base/java.util.concurrent.FutureTask.run(FutureTask.java:264)
	at java.base/java.util.concurrent.ThreadPoolExecutor.runWorker(ThreadPoolExecutor.java:1130)
	at java.base/java.util.concurrent.ThreadPoolExecutor$Worker.run(ThreadPoolExecutor.java:630)
	at java.base/java.lang.Thread.run(Thread.java:831)
</pre></div></td>
<td>32</td>
<td>testCases.TC_003_LoginDataDrivenTest@2eae8e6e</td></tr>
</table><p>
<table width='100%' border='1' class='invocation-passed'>
<tr><td colspan='4' align='center'><b>PASSED TESTS</b></td></tr>
<tr><td><b>Test method</b></td>
<td width="30%"><b>Exception</b></td>
<td width="10%"><b>Time (seconds)</b></td>
<td><b>Instance</b></td>
</tr>
<tr>
<td title='testCases.TC_012_CheckOut.checkOut_WithOutPDTs()'><b>checkOut_WithOutPDTs</b><br>Test class: testCases.TC_012_CheckOut</td>
<td></td>
<td>30</td>
<td>testCases.TC_012_CheckOut@25ce9dc4</td></tr>
<tr>
<td title='testCases.TC_012_CheckOut.checkOut_WithPDTs_existingadd()'><b>checkOut_WithPDTs_existingadd</b><br>Test class: testCases.TC_012_CheckOut</td>
<td></td>
<td>30</td>
<td>testCases.TC_012_CheckOut@25ce9dc4</td></tr>
<tr>
<td title='testCases.TC_012_CheckOut.checkout_newAddr_Shipping()'><b>checkout_newAddr_Shipping</b><br>Test class: testCases.TC_012_CheckOut</td>
<td></td>
<td>30</td>
<td>testCases.TC_012_CheckOut@25ce9dc4</td></tr>
<tr>
<td title='testCases.TC_012_CheckOut.chekOut_newAd_payment()'><b>chekOut_newAd_payment</b><br>Test class: testCases.TC_012_CheckOut</td>
<td></td>
<td>30</td>
<td>testCases.TC_012_CheckOut@25ce9dc4</td></tr>
<tr>
<td title='testCases.TC_004_ForgotPassword.forgotpwd()'><b>forgotpwd</b><br>Test class: testCases.TC_004_ForgotPassword</td>
<td></td>
<td>30</td>
<td>testCases.TC_004_ForgotPassword@8f2ef19</td></tr>
<tr>
<td title='testCases.TC_007_ProductDisplay.iMac_ProductDisplay()'><b>iMac_ProductDisplay</b><br>Test class: testCases.TC_007_ProductDisplay</td>
<td></td>
<td>30</td>
<td>testCases.TC_007_ProductDisplay@2cf3d63b</td></tr>
<tr>
<td title='testCases.TC_009_WishList.pdtDisplay_to_WL()'><b>pdtDisplay_to_WL</b><br>Test class: testCases.TC_009_WishList</td>
<td></td>
<td>60</td>
<td>testCases.TC_009_WishList@69e153c5</td></tr>
<tr>
<td title='testCases.TC_008_AddToCart.pdt_AddToCart()'><b>pdt_AddToCart</b><br>Test class: testCases.TC_008_AddToCart</td>
<td></td>
<td>30</td>
<td>testCases.TC_008_AddToCart@7674f035</td></tr>
<tr>
<td title='testCases.TC_010_ShoppingCart.pdt_ShoppingCart()'><b>pdt_ShoppingCart</b><br>Test class: testCases.TC_010_ShoppingCart</td>
<td></td>
<td>30</td>
<td>testCases.TC_010_ShoppingCart@173ed316</td></tr>
<tr>
<td title='testCases.TC_006_ProductCompare.pdtcmpWithProduct()'><b>pdtcmpWithProduct</b><br>Test class: testCases.TC_006_ProductCompare</td>
<td></td>
<td>54</td>
<td>testCases.TC_006_ProductCompare@470734c3</td></tr>
<tr>
<td title='testCases.TC_002_Login.test_Login()'><b>test_Login</b><br>Test class: testCases.TC_002_Login</td>
<td></td>
<td>32</td>
<td>testCases.TC_002_Login@4b741d6d</td></tr>
<tr>
<td title='testCases.TC_003_LoginDataDrivenTest.test_Login()'><b>test_Login</b><br>Test class: testCases.TC_003_LoginDataDrivenTest<br>Parameters: bs@gmail.com, subbu123@, invalid</td>
<td></td>
<td>31</td>
<td>testCases.TC_003_LoginDataDrivenTest@2eae8e6e</td></tr>
<tr>
<td title='testCases.TC_003_LoginDataDrivenTest.test_Login()'><b>test_Login</b><br>Test class: testCases.TC_003_LoginDataDrivenTest<br>Parameters:  , subbu123@, invalid</td>
<td></td>
<td>31</td>
<td>testCases.TC_003_LoginDataDrivenTest@2eae8e6e</td></tr>
<tr>
<td title='testCases.TC_003_LoginDataDrivenTest.test_Login()'><b>test_Login</b><br>Test class: testCases.TC_003_LoginDataDrivenTest<br>Parameters: bs405@gmail.com,  , invalid</td>
<td></td>
<td>31</td>
<td>testCases.TC_003_LoginDataDrivenTest@2eae8e6e</td></tr>
<tr>
<td title='testCases.TC_003_LoginDataDrivenTest.test_Login()'><b>test_Login</b><br>Test class: testCases.TC_003_LoginDataDrivenTest<br>Parameters:  ,  , invalid</td>
<td></td>
<td>31</td>
<td>testCases.TC_003_LoginDataDrivenTest@2eae8e6e</td></tr>
<tr>
<td title='testCases.TC_003_LoginDataDrivenTest.test_Login()'><b>test_Login</b><br>Test class: testCases.TC_003_LoginDataDrivenTest<br>Parameters: bs@gmail.com, subbu , invalid</td>
<td></td>
<td>31</td>
<td>testCases.TC_003_LoginDataDrivenTest@2eae8e6e</td></tr>
<tr>
<td title='testCases.TC_001_AccountRegistration.test_accout_Registration()'><b>test_accout_Registration</b><br>Test class: testCases.TC_001_AccountRegistration</td>
<td></td>
<td>32</td>
<td>testCases.TC_001_AccountRegistration@15bb5034</td></tr>
<tr>
<td title='testCases.TC_009_WishList.wishList_if_no_pdts()'><b>wishList_if_no_pdts</b><br>Test class: testCases.TC_009_WishList</td>
<td></td>
<td>60</td>
<td>testCases.TC_009_WishList@69e153c5</td></tr>
</table><p>
</body>
</html>