<?xml version="1.0" encoding="UTF-8"?>
<!-- Generated by org.testng.reporters.JUnitXMLReporter -->
<testsuite ignored="0" hostname="LAPTOP-DGDR47U5" failures="2" tests="20" name="Edge Testcases" time="750.213" errors="0" timestamp="2022-07-06T15:58:56 IST">
  <testcase classname="testCases.TC_004_ForgotPassword" name="forgotpwd" time="30.23"/>
  <testcase classname="testCases.TC_007_ProductDisplay" name="iMac_ProductDisplay" time="30.027"/>
  <testcase classname="testCases.TC_008_AddToCart" name="pdt_AddToCart" time="30.067"/>
  <testcase classname="testCases.TC_002_Login" name="test_Login" time="32.733"/>
  <testcase classname="testCases.TC_003_LoginDataDrivenTest" name="test_Login" time="32.468">
    <failure type="java.lang.AssertionError" message="expected [true] but found [false]">
      <![CDATA[java.lang.AssertionError: expected [true] but found [false]
at testCases.TC_003_LoginDataDrivenTest.test_Login(TC_003_LoginDataDrivenTest.java:57)
at java.base/java.util.ArrayList.forEach(ArrayList.java:1511)
at java.base/java.util.concurrent.FutureTask.run(FutureTask.java:264)
at java.base/java.util.concurrent.ThreadPoolExecutor.runWorker(ThreadPoolExecutor.java:1130)
at java.base/java.util.concurrent.ThreadPoolExecutor$Worker.run(ThreadPoolExecutor.java:630)
at java.base/java.lang.Thread.run(Thread.java:831)
... Removed 22 stack frames]]>
    </failure>
  </testcase> <!-- test_Login -->
  <testcase classname="testCases.TC_003_LoginDataDrivenTest" name="test_Login" time="31.528"/>
  <testcase classname="testCases.TC_003_LoginDataDrivenTest" name="test_Login" time="31.644"/>
  <testcase classname="testCases.TC_003_LoginDataDrivenTest" name="test_Login" time="31.595"/>
  <testcase classname="testCases.TC_003_LoginDataDrivenTest" name="test_Login" time="31.717"/>
  <testcase classname="testCases.TC_003_LoginDataDrivenTest" name="test_Login" time="31.812"/>
  <testcase classname="testCases.TC_001_AccountRegistration" name="test_accout_Registration" time="32.873"/>
  <testcase classname="testCases.TC_013_MyAccount" name="MyAccount" time="30.03">
    <failure type="java.lang.AssertionError" message="expected [true] but found [false]">
      <![CDATA[java.lang.AssertionError: expected [true] but found [false]
at testCases.TC_013_MyAccount.MyAccount(TC_013_MyAccount.java:49)
at java.base/java.util.ArrayList.forEach(ArrayList.java:1511)
at java.base/java.util.concurrent.FutureTask.run(FutureTask.java:264)
at java.base/java.util.concurrent.ThreadPoolExecutor.runWorker(ThreadPoolExecutor.java:1130)
at java.base/java.util.concurrent.ThreadPoolExecutor$Worker.run(ThreadPoolExecutor.java:630)
at java.base/java.lang.Thread.run(Thread.java:831)
... Removed 22 stack frames]]>
    </failure>
  </testcase> <!-- MyAccount -->
  <testcase classname="testCases.TC_012_CheckOut" name="checkOut_WithOutPDTs" time="30.029"/>
  <testcase classname="testCases.TC_010_ShoppingCart" name="pdt_ShoppingCart" time="30.073"/>
  <testcase classname="testCases.TC_006_ProductCompare" name="pdtcmpWithProduct" time="54.25"/>
  <testcase classname="testCases.TC_009_WishList" name="wishList_if_no_pdts" time="60.076"/>
  <testcase classname="testCases.TC_012_CheckOut" name="checkOut_WithPDTs_existingadd" time="30.039"/>
  <testcase classname="testCases.TC_009_WishList" name="pdtDisplay_to_WL" time="60.13"/>
  <testcase classname="testCases.TC_012_CheckOut" name="chekOut_newAd_payment" time="30.033"/>
  <testcase classname="testCases.TC_012_CheckOut" name="checkout_newAddr_Shipping" time="30.065"/>
</testsuite> <!-- Edge Testcases -->
