<?xml version="1.0" encoding="UTF-8"?>
<testng-results ignored="0" total="25" passed="23" failed="2" skipped="0">
  <reporter-output>
  </reporter-output>
  <suite started-at="2022-12-10T10:51:11 IST" name="masterSuite" finished-at="2022-12-10T11:07:27 IST" duration-ms="975894">
    <groups>
      <group name="regression">
        <method signature="TC_001_AccountRegistration.test_accout_Registration()[pri:0, instance:testCases.TC_001_AccountRegistration@f09733f]" name="test_accout_Registration" class="testCases.TC_001_AccountRegistration"/>
      </group> <!-- regression -->
      <group name="sanity">
        <method signature="TC_002_Login.test_Login()[pri:0, instance:testCases.TC_002_Login@e350b40]" name="test_Login" class="testCases.TC_002_Login"/>
      </group> <!-- sanity -->
      <group name="master">
        <method signature="TC_001_AccountRegistration.test_accout_Registration()[pri:0, instance:testCases.TC_001_AccountRegistration@f09733f]" name="test_accout_Registration" class="testCases.TC_001_AccountRegistration"/>
        <method signature="TC_002_Login.test_Login()[pri:0, instance:testCases.TC_002_Login@e350b40]" name="test_Login" class="testCases.TC_002_Login"/>
      </group> <!-- master -->
    </groups>
    <test started-at="2022-12-10T10:51:11 IST" name="Testcases" finished-at="2022-12-10T11:07:27 IST" duration-ms="975894">
      <class name="testCases.TC_010_ShoppingCart">
        <test-method is-config="true" signature="setup(java.lang.String)[pri:0, instance:testCases.TC_010_ShoppingCart@6574a52c]" started-at="2022-12-10T10:59:49 IST" name="setup" finished-at="2022-12-10T10:59:50 IST" duration-ms="1322" status="PASS">
          <params>
            <param index="0">
              <value>
                <![CDATA[chrome]]>
              </value>
            </param>
          </params>
          <reporter-output>
          </reporter-output>
        </test-method> <!-- setup -->
        <test-method signature="pdt_ShoppingCart()[pri:1, instance:testCases.TC_010_ShoppingCart@6574a52c]" started-at="2022-12-10T10:59:50 IST" name="pdt_ShoppingCart" finished-at="2022-12-10T11:00:20 IST" duration-ms="30030" status="PASS">
          <reporter-output>
          </reporter-output>
        </test-method> <!-- pdt_ShoppingCart -->
        <test-method is-config="true" signature="tearDown()[pri:0, instance:testCases.TC_010_ShoppingCart@6574a52c]" started-at="2022-12-10T11:00:20 IST" name="tearDown" finished-at="2022-12-10T11:00:21 IST" duration-ms="172" status="PASS">
          <reporter-output>
          </reporter-output>
        </test-method> <!-- tearDown -->
      </class> <!-- testCases.TC_010_ShoppingCart -->
      <class name="testCases.TC_004_ForgotPassword">
        <test-method is-config="true" signature="setup(java.lang.String)[pri:0, instance:testCases.TC_004_ForgotPassword@2794eab6]" started-at="2022-12-10T10:56:03 IST" name="setup" finished-at="2022-12-10T10:56:04 IST" duration-ms="1542" status="PASS">
          <params>
            <param index="0">
              <value>
                <![CDATA[chrome]]>
              </value>
            </param>
          </params>
          <reporter-output>
          </reporter-output>
        </test-method> <!-- setup -->
        <test-method signature="forgotpwd()[pri:0, instance:testCases.TC_004_ForgotPassword@2794eab6]" started-at="2022-12-10T10:56:04 IST" name="forgotpwd" finished-at="2022-12-10T10:56:34 IST" duration-ms="30036" status="PASS">
          <reporter-output>
          </reporter-output>
        </test-method> <!-- forgotpwd -->
        <test-method is-config="true" signature="tearDown()[pri:0, instance:testCases.TC_004_ForgotPassword@2794eab6]" started-at="2022-12-10T10:56:34 IST" name="tearDown" finished-at="2022-12-10T10:56:34 IST" duration-ms="188" status="PASS">
          <reporter-output>
          </reporter-output>
        </test-method> <!-- tearDown -->
      </class> <!-- testCases.TC_004_ForgotPassword -->
      <class name="testCases.TC_001_AccountRegistration">
        <test-method is-config="true" signature="setup(java.lang.String)[pri:0, instance:testCases.TC_001_AccountRegistration@f09733f]" started-at="2022-12-10T10:51:12 IST" name="setup" finished-at="2022-12-10T10:51:33 IST" duration-ms="21035" status="PASS">
          <params>
            <param index="0">
              <value>
                <![CDATA[chrome]]>
              </value>
            </param>
          </params>
          <reporter-output>
          </reporter-output>
        </test-method> <!-- setup -->
        <test-method signature="test_accout_Registration()[pri:0, instance:testCases.TC_001_AccountRegistration@f09733f]" started-at="2022-12-10T10:51:33 IST" name="test_accout_Registration" finished-at="2022-12-10T10:52:06 IST" duration-ms="33692" status="PASS">
          <reporter-output>
          </reporter-output>
        </test-method> <!-- test_accout_Registration -->
        <test-method is-config="true" signature="tearDown()[pri:0, instance:testCases.TC_001_AccountRegistration@f09733f]" started-at="2022-12-10T10:52:06 IST" name="tearDown" finished-at="2022-12-10T10:52:07 IST" duration-ms="262" status="PASS">
          <reporter-output>
          </reporter-output>
        </test-method> <!-- tearDown -->
      </class> <!-- testCases.TC_001_AccountRegistration -->
      <class name="testCases.TC_016_AddressBook">
        <test-method is-config="true" signature="setup(java.lang.String)[pri:0, instance:testCases.TC_016_AddressBook@20140db9]" started-at="2022-12-10T11:03:25 IST" name="setup" finished-at="2022-12-10T11:03:26 IST" duration-ms="1060" status="PASS">
          <params>
            <param index="0">
              <value>
                <![CDATA[chrome]]>
              </value>
            </param>
          </params>
          <reporter-output>
          </reporter-output>
        </test-method> <!-- setup -->
        <test-method signature="AddNewAddress()[pri:1, instance:testCases.TC_016_AddressBook@20140db9]" started-at="2022-12-10T11:03:26 IST" name="AddNewAddress" finished-at="2022-12-10T11:04:26 IST" duration-ms="60073" status="PASS">
          <reporter-output>
          </reporter-output>
        </test-method> <!-- AddNewAddress -->
        <test-method signature="makeDefault_Yes()[pri:2, instance:testCases.TC_016_AddressBook@20140db9]" started-at="2022-12-10T11:04:26 IST" name="makeDefault_Yes" finished-at="2022-12-10T11:05:26 IST" duration-ms="60088" status="PASS">
          <reporter-output>
          </reporter-output>
        </test-method> <!-- makeDefault_Yes -->
        <test-method signature="default_Delete()[pri:3, instance:testCases.TC_016_AddressBook@20140db9]" started-at="2022-12-10T11:05:26 IST" name="default_Delete" finished-at="2022-12-10T11:06:26 IST" duration-ms="60045" status="PASS">
          <reporter-output>
          </reporter-output>
        </test-method> <!-- default_Delete -->
        <test-method signature="delete_Account()[pri:4, instance:testCases.TC_016_AddressBook@20140db9]" started-at="2022-12-10T11:06:26 IST" name="delete_Account" finished-at="2022-12-10T11:07:26 IST" duration-ms="60114" status="PASS">
          <reporter-output>
          </reporter-output>
        </test-method> <!-- delete_Account -->
        <test-method is-config="true" signature="tearDown()[pri:0, instance:testCases.TC_016_AddressBook@20140db9]" started-at="2022-12-10T11:07:26 IST" name="tearDown" finished-at="2022-12-10T11:07:27 IST" duration-ms="703" status="PASS">
          <reporter-output>
          </reporter-output>
        </test-method> <!-- tearDown -->
      </class> <!-- testCases.TC_016_AddressBook -->
      <class name="testCases.TC_013_MyAccount">
        <test-method is-config="true" signature="setup(java.lang.String)[pri:0, instance:testCases.TC_013_MyAccount@1c7696c6]" started-at="2022-12-10T11:02:22 IST" name="setup" finished-at="2022-12-10T11:02:23 IST" duration-ms="1074" status="PASS">
          <params>
            <param index="0">
              <value>
                <![CDATA[chrome]]>
              </value>
            </param>
          </params>
          <reporter-output>
          </reporter-output>
        </test-method> <!-- setup -->
        <test-method signature="MyAccount()[pri:1, instance:testCases.TC_013_MyAccount@1c7696c6]" started-at="2022-12-10T11:02:23 IST" name="MyAccount" finished-at="2022-12-10T11:02:53 IST" duration-ms="30056" status="FAIL">
          <exception class="java.lang.AssertionError">
            <message>
              <![CDATA[expected [true] but found [false]]]>
            </message>
            <full-stacktrace>
              <![CDATA[java.lang.AssertionError: expected [true] but found [false]
at org.testng.Assert.fail(Assert.java:99)
at org.testng.Assert.failNotEquals(Assert.java:1037)
at org.testng.Assert.assertTrue(Assert.java:45)
at org.testng.Assert.assertTrue(Assert.java:55)
at testCases.TC_013_MyAccount.MyAccount(TC_013_MyAccount.java:49)
at java.base/jdk.internal.reflect.NativeMethodAccessorImpl.invoke0(Native Method)
at java.base/jdk.internal.reflect.NativeMethodAccessorImpl.invoke(NativeMethodAccessorImpl.java:78)
at java.base/jdk.internal.reflect.DelegatingMethodAccessorImpl.invoke(DelegatingMethodAccessorImpl.java:43)
at java.base/java.lang.reflect.Method.invoke(Method.java:567)
at org.testng.internal.MethodInvocationHelper.invokeMethod(MethodInvocationHelper.java:132)
at org.testng.internal.TestInvoker.invokeMethod(TestInvoker.java:599)
at org.testng.internal.TestInvoker.invokeTestMethod(TestInvoker.java:174)
at org.testng.internal.MethodRunner.runInSequence(MethodRunner.java:46)
at org.testng.internal.TestInvoker$MethodInvocationAgent.invoke(TestInvoker.java:822)
at org.testng.internal.TestInvoker.invokeTestMethods(TestInvoker.java:147)
at org.testng.internal.TestMethodWorker.invokeTestMethods(TestMethodWorker.java:146)
at org.testng.internal.TestMethodWorker.run(TestMethodWorker.java:128)
at java.base/java.util.ArrayList.forEach(ArrayList.java:1511)
at org.testng.TestRunner.privateRun(TestRunner.java:764)
at org.testng.TestRunner.run(TestRunner.java:585)
at org.testng.SuiteRunner.runTest(SuiteRunner.java:384)
at org.testng.SuiteRunner.runSequentially(SuiteRunner.java:378)
at org.testng.SuiteRunner.privateRun(SuiteRunner.java:337)
at org.testng.SuiteRunner.run(SuiteRunner.java:286)
at org.testng.SuiteRunnerWorker.runSuite(SuiteRunnerWorker.java:53)
at org.testng.SuiteRunnerWorker.run(SuiteRunnerWorker.java:96)
at org.testng.TestNG.runSuitesSequentially(TestNG.java:1218)
at org.testng.TestNG.runSuitesLocally(TestNG.java:1140)
at org.testng.TestNG.runSuites(TestNG.java:1069)
at org.testng.TestNG.run(TestNG.java:1037)
at org.testng.remote.AbstractRemoteTestNG.run(AbstractRemoteTestNG.java:115)
at org.testng.remote.RemoteTestNG.initAndRun(RemoteTestNG.java:251)
at org.testng.remote.RemoteTestNG.main(RemoteTestNG.java:77)
]]>
            </full-stacktrace>
          </exception> <!-- java.lang.AssertionError -->
          <reporter-output>
          </reporter-output>
        </test-method> <!-- MyAccount -->
        <test-method is-config="true" signature="tearDown()[pri:0, instance:testCases.TC_013_MyAccount@1c7696c6]" started-at="2022-12-10T11:02:53 IST" name="tearDown" finished-at="2022-12-10T11:02:54 IST" duration-ms="331" status="PASS">
          <reporter-output>
          </reporter-output>
        </test-method> <!-- tearDown -->
      </class> <!-- testCases.TC_013_MyAccount -->
      <class name="testCases.TC_012_CheckOut">
        <test-method is-config="true" signature="setup(java.lang.String)[pri:0, instance:testCases.TC_012_CheckOut@6c1a5b54]" started-at="2022-12-10T11:00:21 IST" name="setup" finished-at="2022-12-10T11:00:22 IST" duration-ms="1152" status="PASS">
          <params>
            <param index="0">
              <value>
                <![CDATA[chrome]]>
              </value>
            </param>
          </params>
          <reporter-output>
          </reporter-output>
        </test-method> <!-- setup -->
        <test-method signature="checkOut_WithOutPDTs()[pri:1, instance:testCases.TC_012_CheckOut@6c1a5b54]" started-at="2022-12-10T11:00:22 IST" name="checkOut_WithOutPDTs" finished-at="2022-12-10T11:00:52 IST" duration-ms="30039" status="PASS">
          <reporter-output>
          </reporter-output>
        </test-method> <!-- checkOut_WithOutPDTs -->
        <test-method signature="checkOut_WithPDTs_existingadd()[pri:2, instance:testCases.TC_012_CheckOut@6c1a5b54]" started-at="2022-12-10T11:00:52 IST" name="checkOut_WithPDTs_existingadd" finished-at="2022-12-10T11:01:22 IST" duration-ms="30019" status="PASS">
          <reporter-output>
          </reporter-output>
        </test-method> <!-- checkOut_WithPDTs_existingadd -->
        <test-method signature="chekOut_newAd_payment()[pri:3, instance:testCases.TC_012_CheckOut@6c1a5b54]" started-at="2022-12-10T11:01:22 IST" name="chekOut_newAd_payment" finished-at="2022-12-10T11:01:52 IST" duration-ms="30041" status="PASS">
          <reporter-output>
          </reporter-output>
        </test-method> <!-- chekOut_newAd_payment -->
        <test-method signature="checkout_newAddr_Shipping()[pri:4, instance:testCases.TC_012_CheckOut@6c1a5b54]" started-at="2022-12-10T11:01:52 IST" name="checkout_newAddr_Shipping" finished-at="2022-12-10T11:02:22 IST" duration-ms="30062" status="PASS">
          <reporter-output>
          </reporter-output>
        </test-method> <!-- checkout_newAddr_Shipping -->
        <test-method is-config="true" signature="tearDown()[pri:0, instance:testCases.TC_012_CheckOut@6c1a5b54]" started-at="2022-12-10T11:02:22 IST" name="tearDown" finished-at="2022-12-10T11:02:22 IST" duration-ms="159" status="PASS">
          <reporter-output>
          </reporter-output>
        </test-method> <!-- tearDown -->
      </class> <!-- testCases.TC_012_CheckOut -->
      <class name="testCases.TC_014_MyAccountInformation">
        <test-method is-config="true" signature="setup(java.lang.String)[pri:0, instance:testCases.TC_014_MyAccountInformation@60099951]" started-at="2022-12-10T11:02:54 IST" name="setup" finished-at="2022-12-10T11:02:55 IST" duration-ms="1245" status="PASS">
          <params>
            <param index="0">
              <value>
                <![CDATA[chrome]]>
              </value>
            </param>
          </params>
          <reporter-output>
          </reporter-output>
        </test-method> <!-- setup -->
        <test-method signature="MyAccountInformationn()[pri:0, instance:testCases.TC_014_MyAccountInformation@60099951]" started-at="2022-12-10T11:02:55 IST" name="MyAccountInformationn" finished-at="2022-12-10T11:03:25 IST" duration-ms="30033" status="PASS">
          <reporter-output>
          </reporter-output>
        </test-method> <!-- MyAccountInformationn -->
        <test-method is-config="true" signature="tearDown()[pri:0, instance:testCases.TC_014_MyAccountInformation@60099951]" started-at="2022-12-10T11:03:25 IST" name="tearDown" finished-at="2022-12-10T11:03:25 IST" duration-ms="188" status="PASS">
          <reporter-output>
          </reporter-output>
        </test-method> <!-- tearDown -->
      </class> <!-- testCases.TC_014_MyAccountInformation -->
      <class name="testCases.TC_003_LoginDataDrivenTest">
        <test-method is-config="true" signature="setup(java.lang.String)[pri:0, instance:testCases.TC_003_LoginDataDrivenTest@41a0aa7d]" started-at="2022-12-10T10:52:41 IST" name="setup" finished-at="2022-12-10T10:52:43 IST" duration-ms="1433" status="PASS">
          <params>
            <param index="0">
              <value>
                <![CDATA[chrome]]>
              </value>
            </param>
          </params>
          <reporter-output>
          </reporter-output>
        </test-method> <!-- setup -->
        <test-method signature="test_Login(java.lang.String, java.lang.String, java.lang.String)[pri:0, instance:testCases.TC_003_LoginDataDrivenTest@41a0aa7d]" started-at="2022-12-10T10:52:44 IST" name="test_Login" data-provider="login" finished-at="2022-12-10T10:53:23 IST" duration-ms="39456" status="FAIL">
          <params>
            <param index="0">
              <value>
                <![CDATA[bs405@gmail.com]]>
              </value>
            </param>
            <param index="1">
              <value>
                <![CDATA[subbu123@]]>
              </value>
            </param>
            <param index="2">
              <value>
                <![CDATA[valid]]>
              </value>
            </param>
          </params>
          <exception class="java.lang.AssertionError">
            <message>
              <![CDATA[expected [true] but found [false]]]>
            </message>
            <full-stacktrace>
              <![CDATA[java.lang.AssertionError: expected [true] but found [false]
at org.testng.Assert.fail(Assert.java:99)
at org.testng.Assert.failNotEquals(Assert.java:1037)
at org.testng.Assert.assertTrue(Assert.java:45)
at org.testng.Assert.assertTrue(Assert.java:55)
at testCases.TC_003_LoginDataDrivenTest.test_Login(TC_003_LoginDataDrivenTest.java:57)
at java.base/jdk.internal.reflect.NativeMethodAccessorImpl.invoke0(Native Method)
at java.base/jdk.internal.reflect.NativeMethodAccessorImpl.invoke(NativeMethodAccessorImpl.java:78)
at java.base/jdk.internal.reflect.DelegatingMethodAccessorImpl.invoke(DelegatingMethodAccessorImpl.java:43)
at java.base/java.lang.reflect.Method.invoke(Method.java:567)
at org.testng.internal.MethodInvocationHelper.invokeMethod(MethodInvocationHelper.java:132)
at org.testng.internal.TestInvoker.invokeMethod(TestInvoker.java:599)
at org.testng.internal.TestInvoker.invokeTestMethod(TestInvoker.java:174)
at org.testng.internal.MethodRunner.runInSequence(MethodRunner.java:46)
at org.testng.internal.TestInvoker$MethodInvocationAgent.invoke(TestInvoker.java:822)
at org.testng.internal.TestInvoker.invokeTestMethods(TestInvoker.java:147)
at org.testng.internal.TestMethodWorker.invokeTestMethods(TestMethodWorker.java:146)
at org.testng.internal.TestMethodWorker.run(TestMethodWorker.java:128)
at java.base/java.util.ArrayList.forEach(ArrayList.java:1511)
at org.testng.TestRunner.privateRun(TestRunner.java:764)
at org.testng.TestRunner.run(TestRunner.java:585)
at org.testng.SuiteRunner.runTest(SuiteRunner.java:384)
at org.testng.SuiteRunner.runSequentially(SuiteRunner.java:378)
at org.testng.SuiteRunner.privateRun(SuiteRunner.java:337)
at org.testng.SuiteRunner.run(SuiteRunner.java:286)
at org.testng.SuiteRunnerWorker.runSuite(SuiteRunnerWorker.java:53)
at org.testng.SuiteRunnerWorker.run(SuiteRunnerWorker.java:96)
at org.testng.TestNG.runSuitesSequentially(TestNG.java:1218)
at org.testng.TestNG.runSuitesLocally(TestNG.java:1140)
at org.testng.TestNG.runSuites(TestNG.java:1069)
at org.testng.TestNG.run(TestNG.java:1037)
at org.testng.remote.AbstractRemoteTestNG.run(AbstractRemoteTestNG.java:115)
at org.testng.remote.RemoteTestNG.initAndRun(RemoteTestNG.java:251)
at org.testng.remote.RemoteTestNG.main(RemoteTestNG.java:77)
]]>
            </full-stacktrace>
          </exception> <!-- java.lang.AssertionError -->
          <reporter-output>
          </reporter-output>
        </test-method> <!-- test_Login -->
        <test-method signature="test_Login(java.lang.String, java.lang.String, java.lang.String)[pri:0, instance:testCases.TC_003_LoginDataDrivenTest@41a0aa7d]" started-at="2022-12-10T10:53:23 IST" name="test_Login" data-provider="login" finished-at="2022-12-10T10:53:58 IST" duration-ms="34543" status="PASS">
          <params>
            <param index="0">
              <value>
                <![CDATA[bs@gmail.com]]>
              </value>
            </param>
            <param index="1">
              <value>
                <![CDATA[subbu123@]]>
              </value>
            </param>
            <param index="2">
              <value>
                <![CDATA[invalid]]>
              </value>
            </param>
          </params>
          <reporter-output>
          </reporter-output>
        </test-method> <!-- test_Login -->
        <test-method signature="test_Login(java.lang.String, java.lang.String, java.lang.String)[pri:0, instance:testCases.TC_003_LoginDataDrivenTest@41a0aa7d]" started-at="2022-12-10T10:53:58 IST" name="test_Login" data-provider="login" finished-at="2022-12-10T10:54:29 IST" duration-ms="31244" status="PASS">
          <params>
            <param index="0">
              <value>
                <![CDATA[ ]]>
              </value>
            </param>
            <param index="1">
              <value>
                <![CDATA[subbu123@]]>
              </value>
            </param>
            <param index="2">
              <value>
                <![CDATA[invalid]]>
              </value>
            </param>
          </params>
          <reporter-output>
          </reporter-output>
        </test-method> <!-- test_Login -->
        <test-method signature="test_Login(java.lang.String, java.lang.String, java.lang.String)[pri:0, instance:testCases.TC_003_LoginDataDrivenTest@41a0aa7d]" started-at="2022-12-10T10:54:29 IST" name="test_Login" data-provider="login" finished-at="2022-12-10T10:55:00 IST" duration-ms="31169" status="PASS">
          <params>
            <param index="0">
              <value>
                <![CDATA[bs405@gmail.com]]>
              </value>
            </param>
            <param index="1">
              <value>
                <![CDATA[ ]]>
              </value>
            </param>
            <param index="2">
              <value>
                <![CDATA[invalid]]>
              </value>
            </param>
          </params>
          <reporter-output>
          </reporter-output>
        </test-method> <!-- test_Login -->
        <test-method signature="test_Login(java.lang.String, java.lang.String, java.lang.String)[pri:0, instance:testCases.TC_003_LoginDataDrivenTest@41a0aa7d]" started-at="2022-12-10T10:55:00 IST" name="test_Login" data-provider="login" finished-at="2022-12-10T10:55:31 IST" duration-ms="30944" status="PASS">
          <params>
            <param index="0">
              <value>
                <![CDATA[ ]]>
              </value>
            </param>
            <param index="1">
              <value>
                <![CDATA[ ]]>
              </value>
            </param>
            <param index="2">
              <value>
                <![CDATA[invalid]]>
              </value>
            </param>
          </params>
          <reporter-output>
          </reporter-output>
        </test-method> <!-- test_Login -->
        <test-method signature="test_Login(java.lang.String, java.lang.String, java.lang.String)[pri:0, instance:testCases.TC_003_LoginDataDrivenTest@41a0aa7d]" started-at="2022-12-10T10:55:31 IST" name="test_Login" data-provider="login" finished-at="2022-12-10T10:56:02 IST" duration-ms="30981" status="PASS">
          <params>
            <param index="0">
              <value>
                <![CDATA[bs@gmail.com]]>
              </value>
            </param>
            <param index="1">
              <value>
                <![CDATA[subbu ]]>
              </value>
            </param>
            <param index="2">
              <value>
                <![CDATA[invalid]]>
              </value>
            </param>
          </params>
          <reporter-output>
          </reporter-output>
        </test-method> <!-- test_Login -->
        <test-method is-config="true" signature="tearDown()[pri:0, instance:testCases.TC_003_LoginDataDrivenTest@41a0aa7d]" started-at="2022-12-10T10:56:02 IST" name="tearDown" finished-at="2022-12-10T10:56:03 IST" duration-ms="358" status="PASS">
          <reporter-output>
          </reporter-output>
        </test-method> <!-- tearDown -->
      </class> <!-- testCases.TC_003_LoginDataDrivenTest -->
      <class name="testCases.TC_006_ProductCompare">
        <test-method is-config="true" signature="setup(java.lang.String)[pri:0, instance:testCases.TC_006_ProductCompare@6340e5f0]" started-at="2022-12-10T10:56:34 IST" name="setup" finished-at="2022-12-10T10:56:36 IST" duration-ms="1144" status="PASS">
          <params>
            <param index="0">
              <value>
                <![CDATA[chrome]]>
              </value>
            </param>
          </params>
          <reporter-output>
          </reporter-output>
        </test-method> <!-- setup -->
        <test-method signature="pdtcmpWithProduct()[pri:1, instance:testCases.TC_006_ProductCompare@6340e5f0]" started-at="2022-12-10T10:56:36 IST" name="pdtcmpWithProduct" finished-at="2022-12-10T10:56:45 IST" duration-ms="9505" status="PASS">
          <reporter-output>
          </reporter-output>
        </test-method> <!-- pdtcmpWithProduct -->
        <test-method is-config="true" signature="tearDown()[pri:0, instance:testCases.TC_006_ProductCompare@6340e5f0]" started-at="2022-12-10T10:56:45 IST" name="tearDown" finished-at="2022-12-10T10:56:45 IST" duration-ms="182" status="PASS">
          <reporter-output>
          </reporter-output>
        </test-method> <!-- tearDown -->
      </class> <!-- testCases.TC_006_ProductCompare -->
      <class name="testCases.TC_008_AddToCart">
        <test-method is-config="true" signature="setup(java.lang.String)[pri:0, instance:testCases.TC_008_AddToCart@13e344d]" started-at="2022-12-10T10:57:16 IST" name="setup" finished-at="2022-12-10T10:57:18 IST" duration-ms="1142" status="PASS">
          <params>
            <param index="0">
              <value>
                <![CDATA[chrome]]>
              </value>
            </param>
          </params>
          <reporter-output>
          </reporter-output>
        </test-method> <!-- setup -->
        <test-method signature="pdt_AddToCart()[pri:0, instance:testCases.TC_008_AddToCart@13e344d]" started-at="2022-12-10T10:57:18 IST" name="pdt_AddToCart" finished-at="2022-12-10T10:57:48 IST" duration-ms="30054" status="PASS">
          <reporter-output>
          </reporter-output>
        </test-method> <!-- pdt_AddToCart -->
        <test-method is-config="true" signature="tearDown()[pri:0, instance:testCases.TC_008_AddToCart@13e344d]" started-at="2022-12-10T10:57:48 IST" name="tearDown" finished-at="2022-12-10T10:57:48 IST" duration-ms="146" status="PASS">
          <reporter-output>
          </reporter-output>
        </test-method> <!-- tearDown -->
      </class> <!-- testCases.TC_008_AddToCart -->
      <class name="testCases.TC_002_Login">
        <test-method is-config="true" signature="setup(java.lang.String)[pri:0, instance:testCases.TC_002_Login@e350b40]" started-at="2022-12-10T10:52:07 IST" name="setup" finished-at="2022-12-10T10:52:08 IST" duration-ms="1251" status="PASS">
          <params>
            <param index="0">
              <value>
                <![CDATA[chrome]]>
              </value>
            </param>
          </params>
          <reporter-output>
          </reporter-output>
        </test-method> <!-- setup -->
        <test-method signature="test_Login()[pri:0, instance:testCases.TC_002_Login@e350b40]" started-at="2022-12-10T10:52:08 IST" name="test_Login" finished-at="2022-12-10T10:52:41 IST" duration-ms="33159" status="PASS">
          <reporter-output>
          </reporter-output>
        </test-method> <!-- test_Login -->
        <test-method is-config="true" signature="tearDown()[pri:0, instance:testCases.TC_002_Login@e350b40]" started-at="2022-12-10T10:52:41 IST" name="tearDown" finished-at="2022-12-10T10:52:41 IST" duration-ms="323" status="PASS">
          <reporter-output>
          </reporter-output>
        </test-method> <!-- tearDown -->
      </class> <!-- testCases.TC_002_Login -->
      <class name="testCases.TC_007_ProductDisplay">
        <test-method is-config="true" signature="setup(java.lang.String)[pri:0, instance:testCases.TC_007_ProductDisplay@45099dd3]" started-at="2022-12-10T10:56:45 IST" name="setup" finished-at="2022-12-10T10:56:46 IST" duration-ms="1044" status="PASS">
          <params>
            <param index="0">
              <value>
                <![CDATA[chrome]]>
              </value>
            </param>
          </params>
          <reporter-output>
          </reporter-output>
        </test-method> <!-- setup -->
        <test-method signature="iMac_ProductDisplay()[pri:0, instance:testCases.TC_007_ProductDisplay@45099dd3]" started-at="2022-12-10T10:56:46 IST" name="iMac_ProductDisplay" finished-at="2022-12-10T10:57:16 IST" duration-ms="30014" status="PASS">
          <reporter-output>
          </reporter-output>
        </test-method> <!-- iMac_ProductDisplay -->
        <test-method is-config="true" signature="tearDown()[pri:0, instance:testCases.TC_007_ProductDisplay@45099dd3]" started-at="2022-12-10T10:57:16 IST" name="tearDown" finished-at="2022-12-10T10:57:16 IST" duration-ms="175" status="PASS">
          <reporter-output>
          </reporter-output>
        </test-method> <!-- tearDown -->
      </class> <!-- testCases.TC_007_ProductDisplay -->
      <class name="testCases.TC_009_WishList">
        <test-method is-config="true" signature="setup(java.lang.String)[pri:0, instance:testCases.TC_009_WishList@1ffaf86]" started-at="2022-12-10T10:57:48 IST" name="setup" finished-at="2022-12-10T10:57:49 IST" duration-ms="974" status="PASS">
          <params>
            <param index="0">
              <value>
                <![CDATA[chrome]]>
              </value>
            </param>
          </params>
          <reporter-output>
          </reporter-output>
        </test-method> <!-- setup -->
        <test-method signature="wishList_if_no_pdts()[pri:1, instance:testCases.TC_009_WishList@1ffaf86]" started-at="2022-12-10T10:57:49 IST" name="wishList_if_no_pdts" finished-at="2022-12-10T10:58:49 IST" duration-ms="60111" status="PASS">
          <reporter-output>
          </reporter-output>
        </test-method> <!-- wishList_if_no_pdts -->
        <test-method signature="pdtDisplay_to_WL()[pri:2, instance:testCases.TC_009_WishList@1ffaf86]" started-at="2022-12-10T10:58:49 IST" name="pdtDisplay_to_WL" finished-at="2022-12-10T10:59:49 IST" duration-ms="60072" status="PASS">
          <reporter-output>
          </reporter-output>
        </test-method> <!-- pdtDisplay_to_WL -->
        <test-method is-config="true" signature="tearDown()[pri:0, instance:testCases.TC_009_WishList@1ffaf86]" started-at="2022-12-10T10:59:49 IST" name="tearDown" finished-at="2022-12-10T10:59:49 IST" duration-ms="189" status="PASS">
          <reporter-output>
          </reporter-output>
        </test-method> <!-- tearDown -->
      </class> <!-- testCases.TC_009_WishList -->
    </test> <!-- Testcases -->
  </suite> <!-- masterSuite -->
</testng-results>
