<html>
<head>
<title>TestNG:  Testcases</title>
<link href="../testng.css" rel="stylesheet" type="text/css" />
<link href="../my-testng.css" rel="stylesheet" type="text/css" />

<style type="text/css">
.log { display: none;} 
.stack-trace { display: none;} 
</style>
<script type="text/javascript">
<!--
function flip(e) {
  current = e.style.display;
  if (current == 'block') {
    e.style.display = 'none';
    return 0;
  }
  else {
    e.style.display = 'block';
    return 1;
  }
}

function toggleBox(szDivId, elem, msg1, msg2)
{
  var res = -1;  if (document.getElementById) {
    res = flip(document.getElementById(szDivId));
  }
  else if (document.all) {
    // this is the way old msie versions work
    res = flip(document.all[szDivId]);
  }
  if(elem) {
    if(res == 0) elem.innerHTML = msg1; else elem.innerHTML = msg2;
  }

}

function toggleAllBoxes() {
  if (document.getElementsByTagName) {
    d = document.getElementsByTagName('div');
    for (i = 0; i < d.length; i++) {
      if (d[i].className == 'log') {
        flip(d[i]);
      }
    }
  }
}

// -->
</script>

</head>
<body>
<h2 align='center'>Testcases</h2><table border='1' align="center">
<tr>
<td>Tests passed/Failed/Skipped:</td><td>23/2/0</td>
</tr><tr>
<td>Started on:</td><td>Sat Dec 10 10:51:11 IST 2022</td>
</tr>
<tr><td>Total time:</td><td>975 seconds (975894 ms)</td>
</tr><tr>
<td>Included groups:</td><td></td>
</tr><tr>
<td>Excluded groups:</td><td></td>
</tr>
</table><p/>
<small><i>(Hover the method name to see the test class name)</i></small><p/>
<table width='100%' border='1' class='invocation-failed'>
<tr><td colspan='4' align='center'><b>FAILED TESTS</b></td></tr>
<tr><td><b>Test method</b></td>
<td width="30%"><b>Exception</b></td>
<td width="10%"><b>Time (seconds)</b></td>
<td><b>Instance</b></td>
</tr>
<tr>
<td title='testCases.TC_013_MyAccount.MyAccount()'><b>MyAccount</b><br>Test class: testCases.TC_013_MyAccount</td>
<td><div><pre>java.lang.AssertionError: expected [true] but found [false]
	at testCases.TC_013_MyAccount.MyAccount(TC_013_MyAccount.java:49)
	at java.base/java.util.ArrayList.forEach(ArrayList.java:1511)
... Removed 31 stack frames</pre></div><a href='#' onClick='toggleBox("stack-trace1617481121", this, "Click to show all stack frames", "Click to hide stack frames")'>Click to show all stack frames</a>
<div class='stack-trace' id='stack-trace1617481121'><pre>java.lang.AssertionError: expected [true] but found [false]
	at org.testng.Assert.fail(Assert.java:99)
	at org.testng.Assert.failNotEquals(Assert.java:1037)
	at org.testng.Assert.assertTrue(Assert.java:45)
	at org.testng.Assert.assertTrue(Assert.java:55)
	at testCases.TC_013_MyAccount.MyAccount(TC_013_MyAccount.java:49)
	at java.base/jdk.internal.reflect.NativeMethodAccessorImpl.invoke0(Native Method)
	at java.base/jdk.internal.reflect.NativeMethodAccessorImpl.invoke(NativeMethodAccessorImpl.java:78)
	at java.base/jdk.internal.reflect.DelegatingMethodAccessorImpl.invoke(DelegatingMethodAccessorImpl.java:43)
	at java.base/java.lang.reflect.Method.invoke(Method.java:567)
	at org.testng.internal.MethodInvocationHelper.invokeMethod(MethodInvocationHelper.java:132)
	at org.testng.internal.TestInvoker.invokeMethod(TestInvoker.java:599)
	at org.testng.internal.TestInvoker.invokeTestMethod(TestInvoker.java:174)
	at org.testng.internal.MethodRunner.runInSequence(MethodRunner.java:46)
	at org.testng.internal.TestInvoker$MethodInvocationAgent.invoke(TestInvoker.java:822)
	at org.testng.internal.TestInvoker.invokeTestMethods(TestInvoker.java:147)
	at org.testng.internal.TestMethodWorker.invokeTestMethods(TestMethodWorker.java:146)
	at org.testng.internal.TestMethodWorker.run(TestMethodWorker.java:128)
	at java.base/java.util.ArrayList.forEach(ArrayList.java:1511)
	at org.testng.TestRunner.privateRun(TestRunner.java:764)
	at org.testng.TestRunner.run(TestRunner.java:585)
	at org.testng.SuiteRunner.runTest(SuiteRunner.java:384)
	at org.testng.SuiteRunner.runSequentially(SuiteRunner.java:378)
	at org.testng.SuiteRunner.privateRun(SuiteRunner.java:337)
	at org.testng.SuiteRunner.run(SuiteRunner.java:286)
	at org.testng.SuiteRunnerWorker.runSuite(SuiteRunnerWorker.java:53)
	at org.testng.SuiteRunnerWorker.run(SuiteRunnerWorker.java:96)
	at org.testng.TestNG.runSuitesSequentially(TestNG.java:1218)
	at org.testng.TestNG.runSuitesLocally(TestNG.java:1140)
	at org.testng.TestNG.runSuites(TestNG.java:1069)
	at org.testng.TestNG.run(TestNG.java:1037)
	at org.testng.remote.AbstractRemoteTestNG.run(AbstractRemoteTestNG.java:115)
	at org.testng.remote.RemoteTestNG.initAndRun(RemoteTestNG.java:251)
	at org.testng.remote.RemoteTestNG.main(RemoteTestNG.java:77)
</pre></div></td>
<td>30</td>
<td>testCases.TC_013_MyAccount@1c7696c6</td></tr>
<tr>
<td title='testCases.TC_003_LoginDataDrivenTest.test_Login()'><b>test_Login</b><br>Test class: testCases.TC_003_LoginDataDrivenTest<br>Parameters: bs405@gmail.com, subbu123@, valid</td>
<td><div><pre>java.lang.AssertionError: expected [true] but found [false]
	at testCases.TC_003_LoginDataDrivenTest.test_Login(TC_003_LoginDataDrivenTest.java:57)
	at java.base/java.util.ArrayList.forEach(ArrayList.java:1511)
... Removed 31 stack frames</pre></div><a href='#' onClick='toggleBox("stack-trace1170482099", this, "Click to show all stack frames", "Click to hide stack frames")'>Click to show all stack frames</a>
<div class='stack-trace' id='stack-trace1170482099'><pre>java.lang.AssertionError: expected [true] but found [false]
	at org.testng.Assert.fail(Assert.java:99)
	at org.testng.Assert.failNotEquals(Assert.java:1037)
	at org.testng.Assert.assertTrue(Assert.java:45)
	at org.testng.Assert.assertTrue(Assert.java:55)
	at testCases.TC_003_LoginDataDrivenTest.test_Login(TC_003_LoginDataDrivenTest.java:57)
	at java.base/jdk.internal.reflect.NativeMethodAccessorImpl.invoke0(Native Method)
	at java.base/jdk.internal.reflect.NativeMethodAccessorImpl.invoke(NativeMethodAccessorImpl.java:78)
	at java.base/jdk.internal.reflect.DelegatingMethodAccessorImpl.invoke(DelegatingMethodAccessorImpl.java:43)
	at java.base/java.lang.reflect.Method.invoke(Method.java:567)
	at org.testng.internal.MethodInvocationHelper.invokeMethod(MethodInvocationHelper.java:132)
	at org.testng.internal.TestInvoker.invokeMethod(TestInvoker.java:599)
	at org.testng.internal.TestInvoker.invokeTestMethod(TestInvoker.java:174)
	at org.testng.internal.MethodRunner.runInSequence(MethodRunner.java:46)
	at org.testng.internal.TestInvoker$MethodInvocationAgent.invoke(TestInvoker.java:822)
	at org.testng.internal.TestInvoker.invokeTestMethods(TestInvoker.java:147)
	at org.testng.internal.TestMethodWorker.invokeTestMethods(TestMethodWorker.java:146)
	at org.testng.internal.TestMethodWorker.run(TestMethodWorker.java:128)
	at java.base/java.util.ArrayList.forEach(ArrayList.java:1511)
	at org.testng.TestRunner.privateRun(TestRunner.java:764)
	at org.testng.TestRunner.run(TestRunner.java:585)
	at org.testng.SuiteRunner.runTest(SuiteRunner.java:384)
	at org.testng.SuiteRunner.runSequentially(SuiteRunner.java:378)
	at org.testng.SuiteRunner.privateRun(SuiteRunner.java:337)
	at org.testng.SuiteRunner.run(SuiteRunner.java:286)
	at org.testng.SuiteRunnerWorker.runSuite(SuiteRunnerWorker.java:53)
	at org.testng.SuiteRunnerWorker.run(SuiteRunnerWorker.java:96)
	at org.testng.TestNG.runSuitesSequentially(TestNG.java:1218)
	at org.testng.TestNG.runSuitesLocally(TestNG.java:1140)
	at org.testng.TestNG.runSuites(TestNG.java:1069)
	at org.testng.TestNG.run(TestNG.java:1037)
	at org.testng.remote.AbstractRemoteTestNG.run(AbstractRemoteTestNG.java:115)
	at org.testng.remote.RemoteTestNG.initAndRun(RemoteTestNG.java:251)
	at org.testng.remote.RemoteTestNG.main(RemoteTestNG.java:77)
</pre></div></td>
<td>39</td>
<td>testCases.TC_003_LoginDataDrivenTest@41a0aa7d</td></tr>
</table><p>
<table width='100%' border='1' class='invocation-passed'>
<tr><td colspan='4' align='center'><b>PASSED TESTS</b></td></tr>
<tr><td><b>Test method</b></td>
<td width="30%"><b>Exception</b></td>
<td width="10%"><b>Time (seconds)</b></td>
<td><b>Instance</b></td>
</tr>
<tr>
<td title='testCases.TC_016_AddressBook.AddNewAddress()'><b>AddNewAddress</b><br>Test class: testCases.TC_016_AddressBook</td>
<td></td>
<td>60</td>
<td>testCases.TC_016_AddressBook@20140db9</td></tr>
<tr>
<td title='testCases.TC_014_MyAccountInformation.MyAccountInformationn()'><b>MyAccountInformationn</b><br>Test class: testCases.TC_014_MyAccountInformation</td>
<td></td>
<td>30</td>
<td>testCases.TC_014_MyAccountInformation@60099951</td></tr>
<tr>
<td title='testCases.TC_012_CheckOut.checkOut_WithOutPDTs()'><b>checkOut_WithOutPDTs</b><br>Test class: testCases.TC_012_CheckOut</td>
<td></td>
<td>30</td>
<td>testCases.TC_012_CheckOut@6c1a5b54</td></tr>
<tr>
<td title='testCases.TC_012_CheckOut.checkOut_WithPDTs_existingadd()'><b>checkOut_WithPDTs_existingadd</b><br>Test class: testCases.TC_012_CheckOut</td>
<td></td>
<td>30</td>
<td>testCases.TC_012_CheckOut@6c1a5b54</td></tr>
<tr>
<td title='testCases.TC_012_CheckOut.checkout_newAddr_Shipping()'><b>checkout_newAddr_Shipping</b><br>Test class: testCases.TC_012_CheckOut</td>
<td></td>
<td>30</td>
<td>testCases.TC_012_CheckOut@6c1a5b54</td></tr>
<tr>
<td title='testCases.TC_012_CheckOut.chekOut_newAd_payment()'><b>chekOut_newAd_payment</b><br>Test class: testCases.TC_012_CheckOut</td>
<td></td>
<td>30</td>
<td>testCases.TC_012_CheckOut@6c1a5b54</td></tr>
<tr>
<td title='testCases.TC_016_AddressBook.default_Delete()'><b>default_Delete</b><br>Test class: testCases.TC_016_AddressBook</td>
<td></td>
<td>60</td>
<td>testCases.TC_016_AddressBook@20140db9</td></tr>
<tr>
<td title='testCases.TC_016_AddressBook.delete_Account()'><b>delete_Account</b><br>Test class: testCases.TC_016_AddressBook</td>
<td></td>
<td>60</td>
<td>testCases.TC_016_AddressBook@20140db9</td></tr>
<tr>
<td title='testCases.TC_004_ForgotPassword.forgotpwd()'><b>forgotpwd</b><br>Test class: testCases.TC_004_ForgotPassword</td>
<td></td>
<td>30</td>
<td>testCases.TC_004_ForgotPassword@2794eab6</td></tr>
<tr>
<td title='testCases.TC_007_ProductDisplay.iMac_ProductDisplay()'><b>iMac_ProductDisplay</b><br>Test class: testCases.TC_007_ProductDisplay</td>
<td></td>
<td>30</td>
<td>testCases.TC_007_ProductDisplay@45099dd3</td></tr>
<tr>
<td title='testCases.TC_016_AddressBook.makeDefault_Yes()'><b>makeDefault_Yes</b><br>Test class: testCases.TC_016_AddressBook</td>
<td></td>
<td>60</td>
<td>testCases.TC_016_AddressBook@20140db9</td></tr>
<tr>
<td title='testCases.TC_009_WishList.pdtDisplay_to_WL()'><b>pdtDisplay_to_WL</b><br>Test class: testCases.TC_009_WishList</td>
<td></td>
<td>60</td>
<td>testCases.TC_009_WishList@1ffaf86</td></tr>
<tr>
<td title='testCases.TC_008_AddToCart.pdt_AddToCart()'><b>pdt_AddToCart</b><br>Test class: testCases.TC_008_AddToCart</td>
<td></td>
<td>30</td>
<td>testCases.TC_008_AddToCart@13e344d</td></tr>
<tr>
<td title='testCases.TC_010_ShoppingCart.pdt_ShoppingCart()'><b>pdt_ShoppingCart</b><br>Test class: testCases.TC_010_ShoppingCart</td>
<td></td>
<td>30</td>
<td>testCases.TC_010_ShoppingCart@6574a52c</td></tr>
<tr>
<td title='testCases.TC_006_ProductCompare.pdtcmpWithProduct()'><b>pdtcmpWithProduct</b><br>Test class: testCases.TC_006_ProductCompare</td>
<td></td>
<td>9</td>
<td>testCases.TC_006_ProductCompare@6340e5f0</td></tr>
<tr>
<td title='testCases.TC_002_Login.test_Login()'><b>test_Login</b><br>Test class: testCases.TC_002_Login</td>
<td></td>
<td>33</td>
<td>testCases.TC_002_Login@e350b40</td></tr>
<tr>
<td title='testCases.TC_003_LoginDataDrivenTest.test_Login()'><b>test_Login</b><br>Test class: testCases.TC_003_LoginDataDrivenTest<br>Parameters: bs@gmail.com, subbu123@, invalid</td>
<td></td>
<td>34</td>
<td>testCases.TC_003_LoginDataDrivenTest@41a0aa7d</td></tr>
<tr>
<td title='testCases.TC_003_LoginDataDrivenTest.test_Login()'><b>test_Login</b><br>Test class: testCases.TC_003_LoginDataDrivenTest<br>Parameters:  , subbu123@, invalid</td>
<td></td>
<td>31</td>
<td>testCases.TC_003_LoginDataDrivenTest@41a0aa7d</td></tr>
<tr>
<td title='testCases.TC_003_LoginDataDrivenTest.test_Login()'><b>test_Login</b><br>Test class: testCases.TC_003_LoginDataDrivenTest<br>Parameters: bs405@gmail.com,  , invalid</td>
<td></td>
<td>31</td>
<td>testCases.TC_003_LoginDataDrivenTest@41a0aa7d</td></tr>
<tr>
<td title='testCases.TC_003_LoginDataDrivenTest.test_Login()'><b>test_Login</b><br>Test class: testCases.TC_003_LoginDataDrivenTest<br>Parameters:  ,  , invalid</td>
<td></td>
<td>30</td>
<td>testCases.TC_003_LoginDataDrivenTest@41a0aa7d</td></tr>
<tr>
<td title='testCases.TC_003_LoginDataDrivenTest.test_Login()'><b>test_Login</b><br>Test class: testCases.TC_003_LoginDataDrivenTest<br>Parameters: bs@gmail.com, subbu , invalid</td>
<td></td>
<td>30</td>
<td>testCases.TC_003_LoginDataDrivenTest@41a0aa7d</td></tr>
<tr>
<td title='testCases.TC_001_AccountRegistration.test_accout_Registration()'><b>test_accout_Registration</b><br>Test class: testCases.TC_001_AccountRegistration</td>
<td></td>
<td>33</td>
<td>testCases.TC_001_AccountRegistration@f09733f</td></tr>
<tr>
<td title='testCases.TC_009_WishList.wishList_if_no_pdts()'><b>wishList_if_no_pdts</b><br>Test class: testCases.TC_009_WishList</td>
<td></td>
<td>60</td>
<td>testCases.TC_009_WishList@1ffaf86</td></tr>
</table><p>
</body>
</html>